2023-11-27 13:53:25,200 [INFO]: O comando Java foi executado com sucesso.
2023-11-27 13:53:25,200 [INFO]: Selecionando o arquivo Excel: emissaomacro.xls
2023-11-27 13:53:25,201 [INFO]: Extraindo os dados do arquivo selecionado...
2023-11-27 13:53:26,123 [INFO]: Dados extraídos com sucesso.
2023-11-27 13:53:26,123 [INFO]: Iniciando transformação dos dados...
2023-11-27 13:53:27,961 [INFO]: Transformação dos dados concluída.
2023-11-27 14:07:51,712 [ERROR]: O comando Java falhou com o seguinte erro: Command 'java -jar "sikulixide-2.0.5-win.jar" -r "emissaomacro.sikuli"' returned non-zero exit status 1.
2023-11-27 14:07:51,712 [INFO]: Selecionando o arquivo Excel: emissaomacro.xls
2023-11-27 14:20:23,572 [INFO]: O comando Java foi executado com sucesso.
2023-11-27 14:20:23,572 [INFO]: Selecionando o arquivo Excel: emissaomacro.xls
2023-11-27 14:20:23,572 [INFO]: Extraindo os dados do arquivo selecionado...
2023-11-27 14:20:24,472 [INFO]: Dados extraídos com sucesso.
2023-11-27 14:20:24,473 [INFO]: Iniciando transformação dos dados...
2023-11-27 14:20:26,218 [INFO]: Transformação dos dados concluída.
2023-11-27 14:35:33,531 [INFO]: O comando Java foi executado com sucesso.
2023-11-27 14:35:33,531 [INFO]: Selecionando o arquivo Excel: emissaomacro.xls
2023-11-27 14:35:33,531 [INFO]: Extraindo os dados do arquivo selecionado...
2023-11-27 14:35:34,416 [INFO]: Dados extraídos com sucesso.
2023-11-27 14:35:34,416 [INFO]: Iniciando transformação dos dados...
2023-11-27 14:35:36,178 [INFO]: Transformação dos dados concluída.
2023-11-27 14:39:56,328 [INFO]: Selecionando o arquivo Excel: emissaomacro.xls
2023-11-27 14:39:56,328 [INFO]: Extraindo os dados do arquivo selecionado...
2023-11-27 14:39:57,242 [INFO]: Dados extraídos com sucesso.
2023-11-27 14:39:57,242 [INFO]: Iniciando transformação dos dados...
2023-11-27 14:39:59,056 [INFO]: Transformação dos dados concluída.
2023-11-27 14:42:03,418 [INFO]: Selecionando o arquivo Excel: emissaomacro.xls
2023-11-27 14:42:03,418 [INFO]: Extraindo os dados do arquivo selecionado...
2023-11-27 14:42:04,376 [INFO]: Dados extraídos com sucesso.
2023-11-27 14:42:04,377 [INFO]: Iniciando transformação dos dados...
2023-11-27 14:42:06,403 [INFO]: Transformação dos dados concluída.
2023-11-27 14:44:38,749 [INFO]: Selecionando o arquivo Excel: emissaomacro.xls
2023-11-27 14:44:38,749 [INFO]: Extraindo os dados do arquivo selecionado...
2023-11-27 14:44:39,705 [INFO]: Dados extraídos com sucesso.
2023-11-27 14:44:39,705 [INFO]: Iniciando transformação dos dados...
2023-11-27 14:44:41,780 [INFO]: Transformação dos dados concluída.
2023-11-27 14:46:26,364 [INFO]: Selecionando o arquivo Excel: emissaomacro.xls
2023-11-27 14:46:26,364 [INFO]: Extraindo os dados do arquivo selecionado...
2023-11-27 14:46:27,278 [INFO]: Dados extraídos com sucesso.
2023-11-27 14:46:27,278 [INFO]: Iniciando transformação dos dados...
2023-11-27 14:46:29,108 [INFO]: Transformação dos dados concluída.
2023-11-27 15:22:18,740 [INFO]: Selecionando o arquivo Excel: emissaomacro.xls
2023-11-27 15:22:18,756 [INFO]: Extraindo os dados do arquivo selecionado...
2023-11-27 15:22:19,645 [INFO]: Dados extraídos com sucesso.
2023-11-27 15:22:19,646 [INFO]: Iniciando transformação dos dados...
2023-11-27 15:22:21,539 [INFO]: Transformação dos dados concluída.
2023-11-27 15:57:58,646 [INFO]: O comando Java foi executado com sucesso.
2023-11-27 16:17:37,251 [INFO]: O comando Java foi executado com sucesso.
2023-11-27 16:17:57,140 [INFO]: O botão não foi encontrado ou não está visível
2023-11-27 16:18:03,651 [INFO]: Iniciado Receita DRE
2023-11-27 16:18:13,653 [INFO]: Selecionando o arquivo Excel: receitamacro.xls
2023-11-27 16:18:13,653 [INFO]: Extraindo os dados do arquivo selecionado...
2023-11-27 16:18:13,743 [INFO]: Dados extraídos com sucesso.
2023-11-27 16:18:13,744 [INFO]: Iniciando transformação dos dados...
2023-11-27 16:18:14,029 [INFO]: Transformação dos dados concluída.
2023-11-27 16:18:14,029 [INFO]: Iniciado Despesa DRE
2023-11-27 16:18:24,046 [INFO]: Selecionando o arquivo Excel: despesamacro.xls
2023-11-27 16:18:24,046 [INFO]: Extraindo os dados do arquivo selecionado...
2023-11-27 16:18:25,323 [INFO]: Dados extraídos com sucesso.
2023-11-27 16:18:25,323 [INFO]: Iniciando transformação dos dados...
2023-11-27 16:18:26,885 [INFO]: Transformação dos dados concluída.
2023-11-27 16:18:26,887 [INFO]: Iniciado Bordero DRE
2023-11-27 16:18:36,889 [INFO]: Selecionando o arquivo Excel: borderomacro.xls
2023-11-27 16:18:36,889 [INFO]: Extraindo os dados do arquivo selecionado...
2023-11-27 16:18:36,916 [INFO]: Dados extraídos com sucesso.
2023-11-27 16:18:36,917 [INFO]: Iniciando transformação dos dados...
2023-11-27 16:18:36,937 [INFO]: Transformação dos dados concluída.
2023-11-27 16:18:37,940 [INFO]: Iniciado Receita DRE
2023-11-27 16:18:47,953 [INFO]: Selecionando o arquivo Excel: receitatop.xls
2023-11-27 16:18:47,953 [INFO]: Extraindo os dados do arquivo selecionado...
2023-11-27 16:18:48,027 [INFO]: Dados extraídos com sucesso.
2023-11-27 16:18:48,027 [INFO]: Iniciando transformação dos dados...
2023-11-27 16:18:48,327 [INFO]: Transformação dos dados concluída.
2023-11-27 16:18:48,327 [INFO]: Iniciado Despesa DRE
2023-11-27 16:18:58,334 [INFO]: Selecionando o arquivo Excel: despesatop.xls
2023-11-27 16:18:58,335 [INFO]: Extraindo os dados do arquivo selecionado...
2023-11-27 16:18:58,466 [INFO]: Dados extraídos com sucesso.
2023-11-27 16:18:58,466 [INFO]: Iniciando transformação dos dados...
2023-11-27 16:18:58,844 [INFO]: Transformação dos dados concluída.
2023-11-27 16:18:58,857 [INFO]: Iniciado Bordero DRE
2023-11-27 16:19:08,858 [INFO]: Selecionando o arquivo Excel: borderotop.xls
2023-11-27 16:19:08,858 [INFO]: Extraindo os dados do arquivo selecionado...
2023-11-27 16:19:08,858 [INFO]: Dados extraídos com sucesso.
2023-11-27 16:19:08,858 [INFO]: Iniciando transformação dos dados...
2023-11-27 16:19:08,872 [INFO]: Transformação dos dados concluída.
2023-11-27 16:19:23,926 [ERROR]: Erro ao renomear o arquivo. Código de status: 409
2023-11-27 16:19:25,456 [ERROR]: Erro ao mover o arquivo. Código de status: 400
2023-11-27 16:19:27,359 [INFO]: Arquivo "base.xlsx" foi carregado com sucesso.
2023-11-27 16:21:44,598 [INFO]: O comando Java foi executado com sucesso.
2023-11-27 16:21:54,600 [INFO]: Selecionando o arquivo Excel: clientes.txt
2023-11-27 16:21:54,600 [INFO]: Extraindo os dados do arquivo selecionado...
2023-11-27 16:21:54,650 [INFO]: Dados extraídos com sucesso.
2023-11-27 16:22:04,650 [INFO]: Selecionando o arquivo Excel: pedidos.txt
2023-11-27 16:22:04,650 [INFO]: Extraindo os dados do arquivo selecionado...
2023-11-27 16:22:04,705 [INFO]: Dados extraídos com sucesso.
2023-11-27 16:22:14,706 [INFO]: Selecionando o arquivo Excel: ltv.txt
2023-11-27 16:22:14,706 [INFO]: Extraindo os dados do arquivo selecionado...
2023-11-27 16:22:14,825 [INFO]: Dados extraídos com sucesso.
2023-11-27 16:22:30,654 [INFO]: Processo de ETL concluído para Vendas
2023-11-27 16:34:32,499 [INFO]: O comando Java foi executado com sucesso.
2023-11-27 16:34:32,505 [INFO]: Selecionando o arquivo Excel: emissaomacro.xls
2023-11-27 16:34:32,505 [INFO]: Extraindo os dados do arquivo selecionado...
2023-11-27 16:34:33,617 [INFO]: Dados extraídos com sucesso.
2023-11-27 16:34:33,617 [INFO]: Iniciando transformação dos dados...
2023-11-27 16:34:35,575 [INFO]: Transformação dos dados concluída.
2023-11-27 16:57:25,730 [ERROR]: O comando Java falhou com o seguinte erro: Command 'java -jar "sikulixide-2.0.5-win.jar" -r "macro.sikuli"' returned non-zero exit status 1.
2023-11-27 16:57:34,402 [ERROR]: O comando Java falhou com o seguinte erro: Command 'java -jar "sikulixide-2.0.5-win.jar" -r "top.sikuli"' returned non-zero exit status 1.
2023-11-27 16:57:53,385 [INFO]: O botão não foi encontrado ou não está visível
2023-11-27 16:58:00,022 [INFO]: Iniciado Receita DRE
2023-11-27 16:58:10,027 [INFO]: Selecionando o arquivo Excel: receitamacro.xls
2023-11-27 17:21:44,904 [INFO]: O comando Java foi executado com sucesso.
2023-11-27 17:41:23,295 [INFO]: O comando Java foi executado com sucesso.
2023-11-27 17:41:43,676 [INFO]: O botão não foi encontrado ou não está visível
2023-11-27 17:41:50,413 [INFO]: Iniciado Receita DRE
2023-11-27 17:42:00,415 [INFO]: Selecionando o arquivo Excel: receitamacro.xls
2023-11-27 17:42:00,415 [INFO]: Extraindo os dados do arquivo selecionado...
2023-11-27 17:42:00,504 [INFO]: Dados extraídos com sucesso.
2023-11-27 17:42:00,504 [INFO]: Iniciando transformação dos dados...
2023-11-27 17:42:00,822 [INFO]: Transformação dos dados concluída.
2023-11-27 17:42:00,822 [INFO]: Iniciado Despesa DRE
2023-11-27 17:42:10,824 [INFO]: Selecionando o arquivo Excel: despesamacro.xls
2023-11-27 17:42:10,824 [INFO]: Extraindo os dados do arquivo selecionado...
2023-11-27 17:42:12,019 [INFO]: Dados extraídos com sucesso.
2023-11-27 17:42:12,019 [INFO]: Iniciando transformação dos dados...
2023-11-27 17:42:13,537 [INFO]: Transformação dos dados concluída.
2023-11-27 17:42:13,539 [INFO]: Iniciado Bordero DRE
2023-11-27 17:42:23,542 [INFO]: Selecionando o arquivo Excel: borderomacro.xls
2023-11-27 17:42:23,542 [INFO]: Extraindo os dados do arquivo selecionado...
2023-11-27 17:42:23,569 [INFO]: Dados extraídos com sucesso.
2023-11-27 17:42:23,570 [INFO]: Iniciando transformação dos dados...
2023-11-27 17:42:23,574 [INFO]: Transformação dos dados concluída.
2023-11-27 17:42:24,579 [INFO]: Iniciado Receita DRE
2023-11-27 17:42:34,589 [INFO]: Selecionando o arquivo Excel: receitatop.xls
2023-11-27 17:42:34,589 [INFO]: Extraindo os dados do arquivo selecionado...
2023-11-27 17:42:34,678 [INFO]: Dados extraídos com sucesso.
2023-11-27 17:42:34,679 [INFO]: Iniciando transformação dos dados...
2023-11-27 17:42:34,942 [INFO]: Transformação dos dados concluída.
2023-11-27 17:42:34,942 [INFO]: Iniciado Despesa DRE
2023-11-27 17:42:44,959 [INFO]: Selecionando o arquivo Excel: despesatop.xls
2023-11-27 17:42:44,959 [INFO]: Extraindo os dados do arquivo selecionado...
2023-11-27 17:42:45,095 [INFO]: Dados extraídos com sucesso.
2023-11-27 17:42:45,095 [INFO]: Iniciando transformação dos dados...
2023-11-27 17:42:45,496 [INFO]: Transformação dos dados concluída.
2023-11-27 17:42:45,496 [INFO]: Iniciado Bordero DRE
2023-11-27 17:42:55,498 [INFO]: Selecionando o arquivo Excel: borderotop.xls
2023-11-27 17:42:55,498 [INFO]: Extraindo os dados do arquivo selecionado...
2023-11-27 17:42:55,498 [INFO]: Dados extraídos com sucesso.
2023-11-27 17:42:55,498 [INFO]: Iniciando transformação dos dados...
2023-11-27 17:42:55,512 [INFO]: Transformação dos dados concluída.
2023-11-27 17:43:10,284 [ERROR]: Erro ao renomear o arquivo. Código de status: 409
2023-11-27 17:43:12,091 [ERROR]: Erro ao mover o arquivo. Código de status: 400
2023-11-27 17:43:14,651 [INFO]: Arquivo "base.xlsx" foi carregado com sucesso.
2023-11-27 17:45:32,039 [INFO]: O comando Java foi executado com sucesso.
2023-11-27 17:45:42,042 [INFO]: Selecionando o arquivo Excel: clientes.txt
2023-11-27 17:45:42,042 [INFO]: Extraindo os dados do arquivo selecionado...
2023-11-27 17:45:42,085 [INFO]: Dados extraídos com sucesso.
2023-11-27 17:45:52,091 [INFO]: Selecionando o arquivo Excel: pedidos.txt
2023-11-27 17:45:52,091 [INFO]: Extraindo os dados do arquivo selecionado...
2023-11-27 17:45:52,142 [INFO]: Dados extraídos com sucesso.
2023-11-27 17:46:02,144 [INFO]: Selecionando o arquivo Excel: ltv.txt
2023-11-27 17:46:02,144 [INFO]: Extraindo os dados do arquivo selecionado...
2023-11-27 17:46:02,244 [INFO]: Dados extraídos com sucesso.
2023-11-27 17:46:17,488 [INFO]: Processo de ETL concluído para Vendas
2023-11-27 17:58:18,292 [INFO]: O comando Java foi executado com sucesso.
2023-11-27 17:58:18,292 [INFO]: Selecionando o arquivo Excel: emissaomacro.xls
2023-11-27 17:58:18,292 [INFO]: Extraindo os dados do arquivo selecionado...
2023-11-27 17:58:19,204 [INFO]: Dados extraídos com sucesso.
2023-11-27 17:58:19,205 [INFO]: Iniciando transformação dos dados...
2023-11-27 17:58:21,132 [INFO]: Transformação dos dados concluída.
2023-11-28 07:58:35,133 [INFO]: O comando Java foi executado com sucesso.
2023-11-28 08:18:18,592 [INFO]: O comando Java foi executado com sucesso.
2023-11-28 08:18:41,300 [INFO]: O botão não foi encontrado ou não está visível
2023-11-28 08:18:47,810 [INFO]: Iniciado Receita DRE
2023-11-28 08:18:57,811 [INFO]: Selecionando o arquivo Excel: receitamacro.xls
2023-11-28 08:18:57,811 [INFO]: Extraindo os dados do arquivo selecionado...
2023-11-28 08:18:57,890 [INFO]: Dados extraídos com sucesso.
2023-11-28 08:18:57,890 [INFO]: Iniciando transformação dos dados...
2023-11-28 08:18:58,187 [INFO]: Transformação dos dados concluída.
2023-11-28 08:18:58,187 [INFO]: Iniciado Despesa DRE
2023-11-28 08:19:08,189 [INFO]: Selecionando o arquivo Excel: despesamacro.xls
2023-11-28 08:19:08,189 [INFO]: Extraindo os dados do arquivo selecionado...
2023-11-28 08:19:09,377 [INFO]: Dados extraídos com sucesso.
2023-11-28 08:19:09,377 [INFO]: Iniciando transformação dos dados...
2023-11-28 08:19:10,845 [INFO]: Transformação dos dados concluída.
2023-11-28 08:19:10,845 [INFO]: Iniciado Bordero DRE
2023-11-28 08:19:20,849 [INFO]: Selecionando o arquivo Excel: borderomacro.xls
2023-11-28 08:19:20,849 [INFO]: Extraindo os dados do arquivo selecionado...
2023-11-28 08:19:20,865 [INFO]: Dados extraídos com sucesso.
2023-11-28 08:19:20,865 [INFO]: Iniciando transformação dos dados...
2023-11-28 08:19:20,865 [INFO]: Transformação dos dados concluída.
2023-11-28 08:19:21,881 [INFO]: Iniciado Receita DRE
2023-11-28 08:19:31,890 [INFO]: Selecionando o arquivo Excel: receitatop.xls
2023-11-28 08:19:31,890 [INFO]: Extraindo os dados do arquivo selecionado...
2023-11-28 08:19:31,937 [INFO]: Dados extraídos com sucesso.
2023-11-28 08:19:31,937 [INFO]: Iniciando transformação dos dados...
2023-11-28 08:19:32,203 [INFO]: Transformação dos dados concluída.
2023-11-28 08:19:32,203 [INFO]: Iniciado Despesa DRE
2023-11-28 08:19:42,206 [INFO]: Selecionando o arquivo Excel: despesatop.xls
2023-11-28 08:19:42,206 [INFO]: Extraindo os dados do arquivo selecionado...
2023-11-28 08:19:42,331 [INFO]: Dados extraídos com sucesso.
2023-11-28 08:19:42,331 [INFO]: Iniciando transformação dos dados...
2023-11-28 08:19:42,675 [INFO]: Transformação dos dados concluída.
2023-11-28 08:19:42,675 [INFO]: Iniciado Bordero DRE
2023-11-28 08:19:52,687 [INFO]: Selecionando o arquivo Excel: borderotop.xls
2023-11-28 08:19:52,687 [INFO]: Extraindo os dados do arquivo selecionado...
2023-11-28 08:19:52,687 [INFO]: Dados extraídos com sucesso.
2023-11-28 08:19:52,687 [INFO]: Iniciando transformação dos dados...
2023-11-28 08:19:52,687 [INFO]: Transformação dos dados concluída.
2023-11-28 08:20:07,781 [INFO]: Arquivo renomeado para "base27112023.xlsx" com sucesso.
2023-11-28 08:20:10,066 [ERROR]: Erro ao mover o arquivo. Código de status: 400
2023-11-28 08:20:14,720 [INFO]: Arquivo "base.xlsx" foi carregado com sucesso.
2023-11-28 08:22:33,616 [INFO]: O comando Java foi executado com sucesso.
2023-11-28 08:22:43,617 [INFO]: Selecionando o arquivo Excel: clientes.txt
2023-11-28 08:22:43,617 [INFO]: Extraindo os dados do arquivo selecionado...
2023-11-28 08:22:43,649 [INFO]: Dados extraídos com sucesso.
2023-11-28 08:22:53,659 [INFO]: Selecionando o arquivo Excel: pedidos.txt
2023-11-28 08:22:53,659 [INFO]: Extraindo os dados do arquivo selecionado...
2023-11-28 08:22:53,707 [INFO]: Dados extraídos com sucesso.
2023-11-28 08:23:03,711 [INFO]: Selecionando o arquivo Excel: ltv.txt
2023-11-28 08:23:03,711 [INFO]: Extraindo os dados do arquivo selecionado...
2023-11-28 08:23:03,790 [INFO]: Dados extraídos com sucesso.
2023-11-28 08:23:22,446 [INFO]: Processo de ETL concluído para Vendas
2023-11-28 08:35:23,714 [INFO]: O comando Java foi executado com sucesso.
2023-11-28 08:35:23,714 [INFO]: Selecionando o arquivo Excel: emissaomacro.xls
2023-11-28 08:35:23,714 [INFO]: Extraindo os dados do arquivo selecionado...
2023-11-28 08:35:24,855 [INFO]: Dados extraídos com sucesso.
2023-11-28 08:35:24,855 [INFO]: Iniciando transformação dos dados...
2023-11-28 08:35:26,620 [INFO]: Transformação dos dados concluída.
2023-11-29 10:18:43,413 [ERROR]: O comando Java falhou com o seguinte erro: Command 'java -jar "sikulixide-2.0.5-win.jar" -r "macro.sikuli"' returned non-zero exit status 1.
2023-11-29 10:18:52,177 [ERROR]: O comando Java falhou com o seguinte erro: Command 'java -jar "sikulixide-2.0.5-win.jar" -r "top.sikuli"' returned non-zero exit status 1.
2023-11-29 10:19:14,439 [INFO]: O botão não foi encontrado ou não está visível
2023-11-29 10:19:21,269 [INFO]: Iniciado Receita DRE
2023-11-29 10:19:31,276 [INFO]: Selecionando o arquivo Excel: receitamacro.xls
2023-11-29 10:21:44,763 [ERROR]: O comando Java falhou com o seguinte erro: Command 'java -jar "sikulixide-2.0.5-win.jar" -r "macro.sikuli"' returned non-zero exit status 1.
2023-11-29 10:21:53,486 [ERROR]: O comando Java falhou com o seguinte erro: Command 'java -jar "sikulixide-2.0.5-win.jar" -r "top.sikuli"' returned non-zero exit status 1.
2023-11-29 10:22:28,566 [ERROR]: O comando Java falhou com o seguinte erro: Command 'java -jar "sikulixide-2.0.5-win.jar" -r "macro.sikuli"' returned non-zero exit status 1.
2023-11-29 10:22:37,346 [ERROR]: O comando Java falhou com o seguinte erro: Command 'java -jar "sikulixide-2.0.5-win.jar" -r "top.sikuli"' returned non-zero exit status 1.
2023-11-29 10:22:56,106 [INFO]: O botão não foi encontrado ou não está visível
2023-11-29 10:23:02,631 [INFO]: Iniciado Receita DRE
2023-11-29 10:23:12,647 [INFO]: Selecionando o arquivo Excel: receitamacro.xls
2023-11-29 10:46:39,948 [ERROR]: O comando Java falhou com o seguinte erro: Command 'java -jar "sikulixide-2.0.5-win.jar" -r "macro.sikuli"' returned non-zero exit status 1.
2023-11-29 10:46:50,823 [ERROR]: O comando Java falhou com o seguinte erro: Command 'java -jar "sikulixide-2.0.5-win.jar" -r "top.sikuli"' returned non-zero exit status 1.
2023-11-29 10:47:12,779 [INFO]: O botão não foi encontrado ou não está visível
2023-11-29 10:47:18,621 [INFO]: Iniciado Receita DRE
2023-11-29 10:47:26,612 [INFO]: Selecionando o arquivo Excel: receitamacro.xls
2023-11-29 11:05:27,198 [ERROR]: O comando Java falhou com o seguinte erro: Command 'java -jar "sikulixide-2.0.5-win.jar" -r "macro.sikuli"' returned non-zero exit status 1.
2023-11-29 11:05:35,774 [ERROR]: O comando Java falhou com o seguinte erro: Command 'java -jar "sikulixide-2.0.5-win.jar" -r "top.sikuli"' returned non-zero exit status 1.
2023-11-29 11:05:51,607 [INFO]: O botão não foi encontrado ou não está visível
2023-11-29 11:05:57,066 [INFO]: Iniciado Receita DRE
2023-11-29 11:06:06,067 [INFO]: Selecionando o arquivo Excel: receitamacro.xls
2023-11-29 11:35:56,104 [ERROR]: O comando Java falhou com o seguinte erro: Command 'java -jar "sikulixide-2.0.5-win.jar" -r "macro.sikuli"' returned non-zero exit status 1.
2023-11-29 11:55:33,569 [ERROR]: O comando Java falhou com o seguinte erro: Command 'java -jar "sikulixide-2.0.5-win.jar" -r "top.sikuli"' returned non-zero exit status 1.
2023-11-29 11:55:52,563 [INFO]: O botão não foi encontrado ou não está visível
2023-11-29 11:55:58,697 [INFO]: Iniciado Receita DRE
2023-11-29 11:56:08,249 [INFO]: Selecionando o arquivo Excel: receitamacro.xls
2023-11-29 11:56:08,249 [INFO]: Extraindo os dados do arquivo selecionado...
2023-11-29 11:56:08,384 [INFO]: Dados extraídos com sucesso.
2023-11-29 11:56:08,384 [INFO]: Iniciando transformação dos dados...
2023-11-29 11:56:08,751 [INFO]: Transformação dos dados concluída.
2023-11-29 11:56:08,751 [INFO]: Iniciado Despesa DRE
2023-11-29 11:56:19,309 [INFO]: Selecionando o arquivo Excel: despesamacro.xls
2023-11-29 11:56:19,309 [INFO]: Extraindo os dados do arquivo selecionado...
2023-11-29 11:56:20,934 [INFO]: Dados extraídos com sucesso.
2023-11-29 11:56:20,934 [INFO]: Iniciando transformação dos dados...
2023-11-29 11:56:22,594 [INFO]: Transformação dos dados concluída.
2023-11-29 11:56:22,594 [INFO]: Iniciado Bordero DRE
2023-11-29 11:56:32,631 [INFO]: Selecionando o arquivo Excel: borderomacro.xls
2023-11-29 11:56:32,631 [INFO]: Extraindo os dados do arquivo selecionado...
2023-11-29 11:56:32,660 [INFO]: Dados extraídos com sucesso.
2023-11-29 11:56:32,660 [INFO]: Iniciando transformação dos dados...
2023-11-29 11:56:32,670 [INFO]: Transformação dos dados concluída.
2023-11-29 11:56:33,685 [INFO]: Iniciado Receita DRE
2023-11-29 11:56:43,695 [INFO]: Selecionando o arquivo Excel: receitatop.xls
2023-11-29 11:56:43,695 [INFO]: Extraindo os dados do arquivo selecionado...
2023-11-29 11:56:43,763 [INFO]: Dados extraídos com sucesso.
2023-11-29 11:56:43,763 [INFO]: Iniciando transformação dos dados...
2023-11-29 11:56:44,066 [INFO]: Transformação dos dados concluída.
2023-11-29 11:56:44,066 [INFO]: Iniciado Despesa DRE
2023-11-29 11:56:54,076 [INFO]: Selecionando o arquivo Excel: despesatop.xls
2023-11-29 11:56:54,076 [INFO]: Extraindo os dados do arquivo selecionado...
2023-11-29 11:56:54,242 [INFO]: Dados extraídos com sucesso.
2023-11-29 11:56:54,242 [INFO]: Iniciando transformação dos dados...
2023-11-29 11:56:54,633 [INFO]: Transformação dos dados concluída.
2023-11-29 11:56:54,633 [INFO]: Iniciado Bordero DRE
2023-11-29 11:57:04,640 [INFO]: Selecionando o arquivo Excel: borderotop.xls
2023-11-29 11:57:04,640 [INFO]: Extraindo os dados do arquivo selecionado...
2023-11-29 11:57:04,650 [INFO]: Dados extraídos com sucesso.
2023-11-29 11:57:04,650 [INFO]: Iniciando transformação dos dados...
2023-11-29 11:57:04,650 [INFO]: Transformação dos dados concluída.
2023-11-29 11:57:23,226 [INFO]: Arquivo renomeado para "base28112023.xlsx" com sucesso.
2023-11-29 11:57:25,169 [ERROR]: Erro ao mover o arquivo. Código de status: 400
2023-11-29 11:57:27,869 [INFO]: Arquivo "base.xlsx" foi carregado com sucesso.
2023-11-29 11:59:44,681 [ERROR]: O comando Java falhou com o seguinte erro: Command 'java -jar "sikulixide-2.0.5-win.jar" -r "comercial.sikuli"' returned non-zero exit status 1.
2023-11-29 11:59:54,688 [INFO]: Selecionando o arquivo Excel: clientes.txt
2023-11-29 11:59:54,688 [INFO]: Extraindo os dados do arquivo selecionado...
2023-11-29 11:59:54,736 [INFO]: Dados extraídos com sucesso.
2023-11-29 12:00:04,740 [INFO]: Selecionando o arquivo Excel: pedidos.txt
2023-11-29 12:00:04,740 [INFO]: Extraindo os dados do arquivo selecionado...
2023-11-29 12:00:04,788 [INFO]: Dados extraídos com sucesso.
2023-11-29 12:00:14,795 [INFO]: Selecionando o arquivo Excel: ltv.txt
2023-11-29 12:00:14,795 [INFO]: Extraindo os dados do arquivo selecionado...
2023-11-29 12:00:14,873 [INFO]: Dados extraídos com sucesso.
2023-11-29 12:00:31,003 [INFO]: Processo de ETL concluído para Vendas
2023-11-29 12:12:31,879 [ERROR]: O comando Java falhou com o seguinte erro: Command 'java -jar "sikulixide-2.0.5-win.jar" -r "emissaomacro.sikuli"' returned non-zero exit status 1.
2023-11-29 12:12:31,879 [INFO]: Selecionando o arquivo Excel: emissaomacro.xls
2023-11-29 12:12:31,879 [INFO]: Extraindo os dados do arquivo selecionado...
2023-11-29 12:12:33,012 [INFO]: Dados extraídos com sucesso.
2023-11-29 12:12:33,012 [INFO]: Iniciando transformação dos dados...
2023-11-29 12:12:34,922 [INFO]: Transformação dos dados concluída.
2023-11-29 13:48:22,386 [ERROR]: O comando Java falhou com o seguinte erro: Command 'java -jar "sikulixide-2.0.5-win.jar" -r "macro.sikuli"' returned non-zero exit status 1.
2023-11-29 13:50:50,670 [ERROR]: O comando Java falhou com o seguinte erro: Command 'java -jar "sikulixide-2.0.5-win.jar" -r "macro.sikuli"' returned non-zero exit status 1.
2023-11-29 13:50:59,920 [ERROR]: O comando Java falhou com o seguinte erro: Command 'java -jar "sikulixide-2.0.5-win.jar" -r "top.sikuli"' returned non-zero exit status 1.
2023-11-29 13:51:12,403 [ERROR]: Erro na autenticação: Message: no such window: target window already closed
from unknown error: web view not found
  (Session info: chrome=119.0.6045.160)
Stacktrace:
	GetHandleVerifier [0x010872A3+45731]
	(No symbol) [0x01012D51]
	(No symbol) [0x00F0880D]
	(No symbol) [0x00EEF75E]
	(No symbol) [0x00F5C11B]
	(No symbol) [0x00F6B2D3]
	(No symbol) [0x00F57DD6]
	(No symbol) [0x00F331F6]
	(No symbol) [0x00F3439D]
	GetHandleVerifier [0x01390716+3229462]
	GetHandleVerifier [0x013D84C8+3523784]
	GetHandleVerifier [0x013D214C+3498316]
	GetHandleVerifier [0x01111680+611968]
	(No symbol) [0x0101CCCC]
	(No symbol) [0x01018DF8]
	(No symbol) [0x01018F1D]
	(No symbol) [0x0100B2C7]
	BaseThreadInitThunk [0x764BFA29+25]
	RtlGetAppContainerNamedObjectPath [0x77AF7B5E+286]
	RtlGetAppContainerNamedObjectPath [0x77AF7B2E+238]

2023-11-29 13:53:45,141 [ERROR]: O comando Java falhou com o seguinte erro: Command 'java -jar "sikulixide-2.0.5-win.jar" -r "macro.sikuli"' returned non-zero exit status 1.
2023-11-29 14:22:46,294 [ERROR]: O comando Java falhou com o seguinte erro: Command 'java -jar "sikulixide-2.0.5-win.jar" -r "macro.sikuli"' returned non-zero exit status 1.
2023-11-29 14:42:28,401 [ERROR]: O comando Java falhou com o seguinte erro: Command 'java -jar "sikulixide-2.0.5-win.jar" -r "top.sikuli"' returned non-zero exit status 1.
2023-11-29 14:42:48,922 [INFO]: O botão não foi encontrado ou não está visível
2023-11-29 14:42:55,457 [INFO]: Iniciado Receita DRE
2023-11-29 14:43:05,469 [INFO]: Selecionando o arquivo Excel: receitamacro.xls
2023-11-29 14:43:05,469 [INFO]: Extraindo os dados do arquivo selecionado...
2023-11-29 14:43:05,605 [INFO]: Dados extraídos com sucesso.
2023-11-29 14:43:05,605 [INFO]: Iniciando transformação dos dados...
2023-11-29 14:43:06,005 [INFO]: Transformação dos dados concluída.
2023-11-29 14:43:06,005 [INFO]: Iniciado Despesa DRE
2023-11-29 14:43:16,010 [INFO]: Selecionando o arquivo Excel: despesamacro.xls
2023-11-29 14:43:16,010 [INFO]: Extraindo os dados do arquivo selecionado...
2023-11-29 14:43:17,515 [INFO]: Dados extraídos com sucesso.
2023-11-29 14:43:17,515 [INFO]: Iniciando transformação dos dados...
2023-11-29 14:43:19,070 [INFO]: Transformação dos dados concluída.
2023-11-29 14:43:19,070 [INFO]: Iniciado Bordero DRE
2023-11-29 14:43:29,071 [INFO]: Selecionando o arquivo Excel: borderomacro.xls
2023-11-29 14:43:29,071 [INFO]: Extraindo os dados do arquivo selecionado...
2023-11-29 14:43:29,100 [INFO]: Dados extraídos com sucesso.
2023-11-29 14:43:29,100 [INFO]: Iniciando transformação dos dados...
2023-11-29 14:43:29,109 [INFO]: Transformação dos dados concluída.
2023-11-29 14:43:30,126 [INFO]: Iniciado Receita DRE
2023-11-29 14:43:40,139 [INFO]: Selecionando o arquivo Excel: receitatop.xls
2023-11-29 14:43:40,139 [INFO]: Extraindo os dados do arquivo selecionado...
2023-11-29 14:43:40,208 [INFO]: Dados extraídos com sucesso.
2023-11-29 14:43:40,208 [INFO]: Iniciando transformação dos dados...
2023-11-29 14:43:40,510 [INFO]: Transformação dos dados concluída.
2023-11-29 14:43:40,510 [INFO]: Iniciado Despesa DRE
2023-11-29 14:43:50,517 [INFO]: Selecionando o arquivo Excel: despesatop.xls
2023-11-29 14:43:50,517 [INFO]: Extraindo os dados do arquivo selecionado...
2023-11-29 14:43:50,682 [INFO]: Dados extraídos com sucesso.
2023-11-29 14:43:50,682 [INFO]: Iniciando transformação dos dados...
2023-11-29 14:43:51,073 [INFO]: Transformação dos dados concluída.
2023-11-29 14:43:51,073 [INFO]: Iniciado Bordero DRE
2023-11-29 14:44:01,083 [INFO]: Selecionando o arquivo Excel: borderotop.xls
2023-11-29 14:44:01,083 [INFO]: Extraindo os dados do arquivo selecionado...
2023-11-29 14:44:01,092 [INFO]: Dados extraídos com sucesso.
2023-11-29 14:44:01,092 [INFO]: Iniciando transformação dos dados...
2023-11-29 14:44:01,092 [INFO]: Transformação dos dados concluída.
2023-11-29 14:44:19,526 [ERROR]: Erro ao renomear o arquivo. Código de status: 409
2023-11-29 14:44:20,621 [ERROR]: Erro ao mover o arquivo. Código de status: 400
2023-11-29 14:44:22,643 [INFO]: Arquivo "base.xlsx" foi carregado com sucesso.
2023-11-29 14:46:39,300 [ERROR]: O comando Java falhou com o seguinte erro: Command 'java -jar "sikulixide-2.0.5-win.jar" -r "comercial.sikuli"' returned non-zero exit status 1.
2023-11-29 14:46:49,304 [INFO]: Selecionando o arquivo Excel: clientes.txt
2023-11-29 14:46:49,304 [INFO]: Extraindo os dados do arquivo selecionado...
2023-11-29 14:46:49,343 [INFO]: Dados extraídos com sucesso.
2023-11-29 14:46:59,353 [INFO]: Selecionando o arquivo Excel: pedidos.txt
2023-11-29 14:46:59,353 [INFO]: Extraindo os dados do arquivo selecionado...
2023-11-29 14:46:59,401 [INFO]: Dados extraídos com sucesso.
2023-11-29 14:47:09,403 [INFO]: Selecionando o arquivo Excel: ltv.txt
2023-11-29 14:47:09,403 [INFO]: Extraindo os dados do arquivo selecionado...
2023-11-29 14:47:09,490 [INFO]: Dados extraídos com sucesso.
2023-11-29 14:47:28,324 [INFO]: Processo de ETL concluído para Vendas
2023-11-29 14:59:28,820 [ERROR]: O comando Java falhou com o seguinte erro: Command 'java -jar "sikulixide-2.0.5-win.jar" -r "emissaomacro.sikuli"' returned non-zero exit status 1.
2023-11-29 14:59:28,820 [INFO]: Selecionando o arquivo Excel: emissaomacro.xls
2023-11-29 14:59:28,820 [INFO]: Extraindo os dados do arquivo selecionado...
2023-11-29 14:59:29,953 [INFO]: Dados extraídos com sucesso.
2023-11-29 14:59:29,953 [INFO]: Iniciando transformação dos dados...
2023-11-29 14:59:31,903 [INFO]: Transformação dos dados concluída.
2023-11-29 15:19:04,069 [INFO]: Selecionando o arquivo Excel: emissaomacro.xls
2023-11-29 15:19:04,069 [INFO]: Extraindo os dados do arquivo selecionado...
2023-11-29 15:19:05,252 [INFO]: Dados extraídos com sucesso.
2023-11-29 15:19:05,252 [INFO]: Iniciando transformação dos dados...
2023-11-29 15:19:07,161 [INFO]: Transformação dos dados concluída.
2023-11-29 15:20:21,376 [INFO]: Selecionando o arquivo Excel: emissaomacro.xls
2023-11-29 15:20:21,376 [INFO]: Extraindo os dados do arquivo selecionado...
2023-11-29 15:20:22,539 [INFO]: Dados extraídos com sucesso.
2023-11-29 15:20:22,539 [INFO]: Iniciando transformação dos dados...
2023-11-29 15:20:24,546 [INFO]: Transformação dos dados concluída.
2023-11-29 15:23:08,246 [INFO]: Selecionando o arquivo Excel: emissaomacro.xls
2023-11-29 15:23:08,246 [INFO]: Extraindo os dados do arquivo selecionado...
2023-11-29 15:23:09,435 [INFO]: Dados extraídos com sucesso.
2023-11-29 15:23:09,435 [INFO]: Iniciando transformação dos dados...
2023-11-29 15:23:11,412 [INFO]: Transformação dos dados concluída.
2023-11-29 15:26:09,750 [INFO]: Selecionando o arquivo Excel: emissaomacro.xls
2023-11-29 15:26:09,751 [INFO]: Extraindo os dados do arquivo selecionado...
2023-11-29 15:26:11,108 [INFO]: Dados extraídos com sucesso.
2023-11-29 15:26:11,108 [INFO]: Iniciando transformação dos dados...
2023-11-29 15:26:13,284 [INFO]: Transformação dos dados concluída.
2023-11-29 15:27:07,121 [INFO]: Selecionando o arquivo Excel: emissaomacro.xls
2023-11-29 15:27:07,121 [INFO]: Extraindo os dados do arquivo selecionado...
2023-11-29 15:27:08,298 [INFO]: Dados extraídos com sucesso.
2023-11-29 15:27:08,298 [INFO]: Iniciando transformação dos dados...
2023-11-29 15:27:09,352 [INFO]: Transformação dos dados concluída.
2023-11-29 15:28:26,057 [INFO]: Selecionando o arquivo Excel: emissaomacro.xls
2023-11-29 15:28:26,057 [INFO]: Extraindo os dados do arquivo selecionado...
2023-11-29 15:28:27,227 [INFO]: Dados extraídos com sucesso.
2023-11-29 15:28:27,227 [INFO]: Iniciando transformação dos dados...
2023-11-29 15:28:41,038 [INFO]: Selecionando o arquivo Excel: emissaomacro.xls
2023-11-29 15:28:41,038 [INFO]: Extraindo os dados do arquivo selecionado...
2023-11-29 15:28:42,233 [INFO]: Dados extraídos com sucesso.
2023-11-29 15:28:42,233 [INFO]: Iniciando transformação dos dados...
2023-11-29 15:29:56,013 [INFO]: Selecionando o arquivo Excel: emissaomacro.xls
2023-11-29 15:29:56,027 [INFO]: Extraindo os dados do arquivo selecionado...
2023-11-29 15:29:57,212 [INFO]: Dados extraídos com sucesso.
2023-11-29 15:29:57,212 [INFO]: Iniciando transformação dos dados...
2023-11-29 15:29:59,324 [INFO]: Transformação dos dados concluída.
2023-11-29 17:00:33,443 [INFO]: Selecionando o arquivo Excel: emissaomacro.xls
2023-11-29 17:00:33,443 [INFO]: Extraindo os dados do arquivo selecionado...
2023-11-29 17:00:34,632 [INFO]: Dados extraídos com sucesso.
2023-11-29 17:00:34,633 [INFO]: Iniciando transformação dos dados...
2023-11-29 17:01:58,292 [INFO]: Selecionando o arquivo Excel: emissaomacro.xls
2023-11-29 17:01:58,293 [INFO]: Extraindo os dados do arquivo selecionado...
2023-11-29 17:01:59,491 [INFO]: Dados extraídos com sucesso.
2023-11-29 17:01:59,491 [INFO]: Iniciando transformação dos dados...
2023-11-29 17:02:20,948 [INFO]: Selecionando o arquivo Excel: emissaomacro.xls
2023-11-29 17:02:20,948 [INFO]: Extraindo os dados do arquivo selecionado...
2023-11-29 17:02:22,121 [INFO]: Dados extraídos com sucesso.
2023-11-29 17:02:22,122 [INFO]: Iniciando transformação dos dados...
2023-11-29 17:03:42,542 [INFO]: Selecionando o arquivo Excel: emissaomacro.xls
2023-11-29 17:03:42,543 [INFO]: Extraindo os dados do arquivo selecionado...
2023-11-29 17:03:43,734 [INFO]: Dados extraídos com sucesso.
2023-11-29 17:03:43,735 [INFO]: Iniciando transformação dos dados...
2023-11-29 17:03:45,769 [INFO]: Transformação dos dados concluída.
2023-11-29 17:06:07,824 [INFO]: Selecionando o arquivo Excel: emissaomacro.xls
2023-11-29 17:06:07,824 [INFO]: Extraindo os dados do arquivo selecionado...
2023-11-29 17:06:09,022 [INFO]: Dados extraídos com sucesso.
2023-11-29 17:06:09,022 [INFO]: Iniciando transformação dos dados...
2023-11-29 17:06:11,035 [INFO]: Transformação dos dados concluída.
2023-11-29 17:33:41,253 [INFO]: O comando Java foi executado com sucesso.
2023-11-29 17:53:23,047 [INFO]: O comando Java foi executado com sucesso.
2023-11-29 17:53:42,637 [INFO]: O botão não foi encontrado ou não está visível
2023-11-29 17:53:49,132 [INFO]: Iniciado Receita DRE
2023-11-29 17:53:59,148 [INFO]: Selecionando o arquivo Excel: receitamacro.xls
2023-11-29 17:53:59,148 [INFO]: Extraindo os dados do arquivo selecionado...
2023-11-29 17:53:59,257 [INFO]: Dados extraídos com sucesso.
2023-11-29 17:53:59,257 [INFO]: Iniciando transformação dos dados...
2023-11-29 17:53:59,600 [INFO]: Transformação dos dados concluída.
2023-11-29 17:53:59,600 [INFO]: Iniciado Despesa DRE
2023-11-29 17:54:09,601 [INFO]: Selecionando o arquivo Excel: despesamacro.xls
2023-11-29 17:54:09,601 [INFO]: Extraindo os dados do arquivo selecionado...
2023-11-29 17:54:11,069 [INFO]: Dados extraídos com sucesso.
2023-11-29 17:54:11,069 [INFO]: Iniciando transformação dos dados...
2023-11-29 17:54:12,632 [INFO]: Transformação dos dados concluída.
2023-11-29 17:54:12,632 [INFO]: Iniciado Bordero DRE
2023-11-29 17:54:22,647 [INFO]: Selecionando o arquivo Excel: borderomacro.xls
2023-11-29 17:54:22,647 [INFO]: Extraindo os dados do arquivo selecionado...
2023-11-29 17:54:22,678 [INFO]: Dados extraídos com sucesso.
2023-11-29 17:54:22,678 [INFO]: Iniciando transformação dos dados...
2023-11-29 17:54:22,678 [INFO]: Transformação dos dados concluída.
2023-11-29 17:54:23,679 [INFO]: Iniciado Receita DRE
2023-11-29 17:54:33,679 [INFO]: Selecionando o arquivo Excel: receitatop.xls
2023-11-29 17:54:33,679 [INFO]: Extraindo os dados do arquivo selecionado...
2023-11-29 17:54:33,741 [INFO]: Dados extraídos com sucesso.
2023-11-29 17:54:33,741 [INFO]: Iniciando transformação dos dados...
2023-11-29 17:54:34,053 [INFO]: Transformação dos dados concluída.
2023-11-29 17:54:34,053 [INFO]: Iniciado Despesa DRE
2023-11-29 17:54:44,054 [INFO]: Selecionando o arquivo Excel: despesatop.xls
2023-11-29 17:54:44,054 [INFO]: Extraindo os dados do arquivo selecionado...
2023-11-29 17:54:44,210 [INFO]: Dados extraídos com sucesso.
2023-11-29 17:54:44,210 [INFO]: Iniciando transformação dos dados...
2023-11-29 17:54:44,616 [INFO]: Transformação dos dados concluída.
2023-11-29 17:54:44,616 [INFO]: Iniciado Bordero DRE
2023-11-29 17:54:54,634 [INFO]: Selecionando o arquivo Excel: borderotop.xls
2023-11-29 17:54:54,634 [INFO]: Extraindo os dados do arquivo selecionado...
2023-11-29 17:54:54,647 [INFO]: Dados extraídos com sucesso.
2023-11-29 17:54:54,647 [INFO]: Iniciando transformação dos dados...
2023-11-29 17:54:54,647 [INFO]: Transformação dos dados concluída.
2023-11-29 17:55:13,179 [ERROR]: Erro ao renomear o arquivo. Código de status: 409
2023-11-29 17:55:14,976 [ERROR]: Erro ao mover o arquivo. Código de status: 400
2023-11-29 17:55:18,023 [INFO]: Arquivo "base.xlsx" foi carregado com sucesso.
2023-11-29 17:57:35,070 [INFO]: O comando Java foi executado com sucesso.
2023-11-29 17:57:45,083 [INFO]: Selecionando o arquivo Excel: clientes.txt
2023-11-29 17:57:45,083 [INFO]: Extraindo os dados do arquivo selecionado...
2023-11-29 17:57:45,114 [INFO]: Dados extraídos com sucesso.
2023-11-29 17:57:55,114 [INFO]: Selecionando o arquivo Excel: pedidos.txt
2023-11-29 17:57:55,114 [INFO]: Extraindo os dados do arquivo selecionado...
2023-11-29 17:57:55,162 [INFO]: Dados extraídos com sucesso.
2023-11-29 17:58:05,177 [INFO]: Selecionando o arquivo Excel: ltv.txt
2023-11-29 17:58:05,177 [INFO]: Extraindo os dados do arquivo selecionado...
2023-11-29 17:58:05,256 [INFO]: Dados extraídos com sucesso.
2023-11-29 17:58:22,396 [INFO]: Processo de ETL concluído para Vendas
2023-11-30 13:44:42,084 [ERROR]: O comando Java falhou com o seguinte erro: Command 'java -jar "sikulixide-2.0.5-win.jar" -r "macro.sikuli"' returned non-zero exit status 1.
2023-11-30 13:44:52,147 [ERROR]: O comando Java falhou com o seguinte erro: Command 'java -jar "sikulixide-2.0.5-win.jar" -r "top.sikuli"' returned non-zero exit status 1.
2023-11-30 13:45:11,171 [ERROR]: Erro na autenticação: Message: no such window: target window already closed
from unknown error: web view not found
  (Session info: chrome=119.0.6045.160)
Stacktrace:
	GetHandleVerifier [0x002B72A3+45731]
	(No symbol) [0x00242D51]
	(No symbol) [0x0013880D]
	(No symbol) [0x0011F75E]
	(No symbol) [0x0018C11B]
	(No symbol) [0x0019B2D3]
	(No symbol) [0x00187DD6]
	(No symbol) [0x001631F6]
	(No symbol) [0x0016439D]
	GetHandleVerifier [0x005C0716+3229462]
	GetHandleVerifier [0x006084C8+3523784]
	GetHandleVerifier [0x0060214C+3498316]
	GetHandleVerifier [0x00341680+611968]
	(No symbol) [0x0024CCCC]
	(No symbol) [0x00248DF8]
	(No symbol) [0x00248F1D]
	(No symbol) [0x0023B2C7]
	BaseThreadInitThunk [0x76E1FA29+25]
	RtlGetAppContainerNamedObjectPath [0x77657B5E+286]
	RtlGetAppContainerNamedObjectPath [0x77657B2E+238]
	(No symbol) [0x00000000]

2023-11-30 13:45:43,988 [ERROR]: O comando Java falhou com o seguinte erro: Command 'java -jar "sikulixide-2.0.5-win.jar" -r "macro.sikuli"' returned non-zero exit status 1.
2023-11-30 13:45:52,593 [ERROR]: O comando Java falhou com o seguinte erro: Command 'java -jar "sikulixide-2.0.5-win.jar" -r "top.sikuli"' returned non-zero exit status 1.
2023-11-30 13:46:07,585 [INFO]: O botão não foi encontrado ou não está visível
2023-11-30 13:46:12,393 [INFO]: Iniciado Receita DRE
2023-11-30 13:46:20,289 [INFO]: Selecionando o arquivo Excel: receitamacro.xls
2023-11-30 14:17:04,270 [INFO]: O comando Java foi executado com sucesso.
2023-11-30 14:59:12,788 [ERROR]: O comando Java falhou com o seguinte erro: Command 'java -jar "sikulixide-2.0.5-win.jar" -r "macro.sikuli"' returned non-zero exit status 1.
2023-11-30 14:59:21,484 [ERROR]: O comando Java falhou com o seguinte erro: Command 'java -jar "sikulixide-2.0.5-win.jar" -r "top.sikuli"' returned non-zero exit status 1.
2023-11-30 14:59:40,784 [INFO]: O botão não foi encontrado ou não está visível
2023-11-30 14:59:47,901 [INFO]: Iniciado Receita DRE
2023-11-30 14:59:59,554 [INFO]: Selecionando o arquivo Excel: receitamacro.xls
2023-11-30 14:59:59,554 [INFO]: Extraindo os dados do arquivo selecionado...
2023-11-30 14:59:59,769 [INFO]: Dados extraídos com sucesso.
2023-11-30 14:59:59,769 [INFO]: Iniciando transformação dos dados...
2023-11-30 15:00:00,488 [INFO]: Transformação dos dados concluída.
2023-11-30 15:00:00,488 [INFO]: Iniciado Despesa DRE
2023-11-30 15:00:13,172 [INFO]: Selecionando o arquivo Excel: despesamacro.xls
2023-11-30 15:00:13,172 [INFO]: Extraindo os dados do arquivo selecionado...
2023-11-30 15:00:15,257 [INFO]: Dados extraídos com sucesso.
2023-11-30 15:00:15,257 [INFO]: Iniciando transformação dos dados...
2023-11-30 15:00:17,110 [INFO]: Transformação dos dados concluída.
2023-11-30 15:00:17,127 [INFO]: Iniciado Bordero DRE
2023-11-30 15:00:28,129 [INFO]: Selecionando o arquivo Excel: borderomacro.xls
2023-11-30 15:00:28,129 [INFO]: Extraindo os dados do arquivo selecionado...
2023-11-30 15:00:28,162 [INFO]: Dados extraídos com sucesso.
2023-11-30 15:00:28,162 [INFO]: Iniciando transformação dos dados...
2023-11-30 15:00:28,162 [INFO]: Transformação dos dados concluída.
2023-11-30 15:00:29,197 [INFO]: Iniciado Receita DRE
2023-11-30 15:00:38,995 [INFO]: Selecionando o arquivo Excel: receitatop.xls
2023-11-30 15:31:09,946 [INFO]: O comando Java foi executado com sucesso.
2023-11-30 16:50:54,690 [ERROR]: O comando Java falhou com o seguinte erro: Command 'java -jar "sikulixide-2.0.5-win.jar" -r "macro.sikuli"' returned non-zero exit status 1.
2023-11-30 16:51:05,219 [ERROR]: O comando Java falhou com o seguinte erro: Command 'java -jar "sikulixide-2.0.5-win.jar" -r "top.sikuli"' returned non-zero exit status 1.
2023-11-30 17:12:41,771 [ERROR]: O comando Java falhou com o seguinte erro: Command 'java -jar "sikulixide-2.0.5-win.jar" -r "macro.sikuli"' returned non-zero exit status 1.
2023-11-30 17:32:44,125 [ERROR]: O comando Java falhou com o seguinte erro: Command 'java -jar "sikulixide-2.0.5-win.jar" -r "top.sikuli"' returned non-zero exit status 1.
2023-11-30 17:33:03,368 [INFO]: O botão não foi encontrado ou não está visível
2023-11-30 17:33:09,835 [INFO]: Iniciado Receita DRE
2023-11-30 17:33:19,846 [INFO]: Selecionando o arquivo Excel: receitamacro.xls
2023-11-30 17:33:19,846 [INFO]: Extraindo os dados do arquivo selecionado...
2023-11-30 17:33:19,962 [INFO]: Dados extraídos com sucesso.
2023-11-30 17:33:19,962 [INFO]: Iniciando transformação dos dados...
2023-11-30 17:33:20,304 [INFO]: Transformação dos dados concluída.
2023-11-30 17:33:20,304 [INFO]: Iniciado Despesa DRE
2023-11-30 17:33:30,314 [INFO]: Selecionando o arquivo Excel: despesamacro.xls
2023-11-30 17:33:30,314 [INFO]: Extraindo os dados do arquivo selecionado...
2023-11-30 17:33:31,427 [INFO]: Dados extraídos com sucesso.
2023-11-30 17:33:31,427 [INFO]: Iniciando transformação dos dados...
2023-11-30 17:33:32,748 [INFO]: Transformação dos dados concluída.
2023-11-30 17:33:32,748 [INFO]: Iniciado Bordero DRE
2023-11-30 17:33:42,765 [INFO]: Selecionando o arquivo Excel: borderomacro.xls
2023-11-30 17:33:42,765 [INFO]: Extraindo os dados do arquivo selecionado...
2023-11-30 17:33:42,794 [INFO]: Dados extraídos com sucesso.
2023-11-30 17:33:42,794 [INFO]: Iniciando transformação dos dados...
2023-11-30 17:33:42,804 [INFO]: Transformação dos dados concluída.
2023-11-30 17:33:43,820 [INFO]: Iniciado Receita DRE
2023-11-30 17:33:53,822 [INFO]: Selecionando o arquivo Excel: receitatop.xls
2023-11-30 17:33:53,822 [INFO]: Extraindo os dados do arquivo selecionado...
2023-11-30 17:33:53,891 [INFO]: Dados extraídos com sucesso.
2023-11-30 17:33:53,891 [INFO]: Iniciando transformação dos dados...
2023-11-30 17:33:54,204 [INFO]: Transformação dos dados concluída.
2023-11-30 17:33:54,204 [INFO]: Iniciado Despesa DRE
2023-11-30 17:34:04,207 [INFO]: Selecionando o arquivo Excel: despesatop.xls
2023-11-30 17:34:04,207 [INFO]: Extraindo os dados do arquivo selecionado...
2023-11-30 17:34:04,382 [INFO]: Dados extraídos com sucesso.
2023-11-30 17:34:04,382 [INFO]: Iniciando transformação dos dados...
2023-11-30 17:34:04,763 [INFO]: Transformação dos dados concluída.
2023-11-30 17:34:04,763 [INFO]: Iniciado Bordero DRE
2023-11-30 17:34:14,773 [INFO]: Selecionando o arquivo Excel: borderotop.xls
2023-11-30 17:34:14,773 [INFO]: Extraindo os dados do arquivo selecionado...
2023-11-30 17:34:14,783 [INFO]: Dados extraídos com sucesso.
2023-11-30 17:34:14,783 [INFO]: Iniciando transformação dos dados...
2023-11-30 17:34:14,783 [INFO]: Transformação dos dados concluída.
2023-11-30 17:34:29,384 [INFO]: Arquivo renomeado para "base29112023.xlsx" com sucesso.
2023-11-30 17:34:30,411 [ERROR]: Erro ao mover o arquivo. Código de status: 400
2023-11-30 17:34:32,092 [INFO]: Arquivo "base.xlsx" foi carregado com sucesso.
2023-11-30 17:36:48,824 [ERROR]: O comando Java falhou com o seguinte erro: Command 'java -jar "sikulixide-2.0.5-win.jar" -r "comercial.sikuli"' returned non-zero exit status 1.
2023-11-30 17:36:58,825 [INFO]: Selecionando o arquivo Excel: clientes.txt
2023-11-30 17:36:58,825 [INFO]: Extraindo os dados do arquivo selecionado...
2023-11-30 17:36:58,864 [INFO]: Dados extraídos com sucesso.
2023-11-30 17:37:08,874 [INFO]: Selecionando o arquivo Excel: pedidos.txt
2023-11-30 17:37:08,874 [INFO]: Extraindo os dados do arquivo selecionado...
2023-11-30 17:37:08,922 [INFO]: Dados extraídos com sucesso.
2023-11-30 17:37:18,932 [INFO]: Selecionando o arquivo Excel: ltv.txt
2023-11-30 17:37:18,932 [INFO]: Extraindo os dados do arquivo selecionado...
2023-11-30 17:37:19,010 [INFO]: Dados extraídos com sucesso.
2023-11-30 17:37:35,357 [INFO]: Processo de ETL concluído para Vendas
2023-11-30 17:49:37,295 [ERROR]: O comando Java falhou com o seguinte erro: Command 'java -jar "sikulixide-2.0.5-win.jar" -r "emissaomacro.sikuli"' returned non-zero exit status 1.
2023-11-30 17:49:37,295 [INFO]: Selecionando o arquivo Excel: emissaomacro.xls
2023-11-30 17:49:37,295 [INFO]: Extraindo os dados do arquivo selecionado...
2023-11-30 17:49:38,545 [INFO]: Dados extraídos com sucesso.
2023-11-30 17:49:38,545 [INFO]: Iniciando transformação dos dados...
2023-11-30 17:49:40,579 [INFO]: Transformação dos dados concluída.
2023-12-04 08:01:54,375 [INFO]: O comando Java foi executado com sucesso.
2023-12-04 08:21:39,579 [INFO]: O comando Java foi executado com sucesso.
2023-12-04 08:22:00,943 [INFO]: O botão não foi encontrado ou não está visível
2023-12-04 08:22:07,531 [INFO]: Iniciado Receita DRE
2023-12-04 08:22:17,547 [INFO]: Selecionando o arquivo Excel: receitamacro.xls
2023-12-04 08:22:17,547 [INFO]: Extraindo os dados do arquivo selecionado...
2023-12-04 08:22:17,671 [INFO]: Dados extraídos com sucesso.
2023-12-04 08:22:17,671 [INFO]: Iniciando transformação dos dados...
2023-12-04 08:22:18,062 [INFO]: Transformação dos dados concluída.
2023-12-04 08:22:18,062 [INFO]: Iniciado Despesa DRE
2023-12-04 08:22:28,063 [INFO]: Selecionando o arquivo Excel: despesamacro.xls
2023-12-04 08:22:28,063 [INFO]: Extraindo os dados do arquivo selecionado...
2023-12-04 08:22:29,547 [INFO]: Dados extraídos com sucesso.
2023-12-04 08:22:29,547 [INFO]: Iniciando transformação dos dados...
2023-12-04 08:22:31,188 [INFO]: Transformação dos dados concluída.
2023-12-04 08:22:31,188 [INFO]: Iniciado Bordero DRE
2023-12-04 08:22:41,203 [INFO]: Selecionando o arquivo Excel: borderomacro.xls
2023-12-04 08:22:41,203 [INFO]: Extraindo os dados do arquivo selecionado...
2023-12-04 08:22:41,235 [INFO]: Dados extraídos com sucesso.
2023-12-04 08:22:41,235 [INFO]: Iniciando transformação dos dados...
2023-12-04 08:22:41,235 [INFO]: Transformação dos dados concluída.
2023-12-04 08:22:42,250 [INFO]: Iniciado Receita DRE
2023-12-04 08:22:52,266 [INFO]: Selecionando o arquivo Excel: receitatop.xls
2023-12-04 08:22:52,266 [INFO]: Extraindo os dados do arquivo selecionado...
2023-12-04 08:22:52,343 [INFO]: Dados extraídos com sucesso.
2023-12-04 08:22:52,343 [INFO]: Iniciando transformação dos dados...
2023-12-04 08:22:52,640 [INFO]: Transformação dos dados concluída.
2023-12-04 08:22:52,657 [INFO]: Iniciado Despesa DRE
2023-12-04 08:23:02,657 [INFO]: Selecionando o arquivo Excel: despesatop.xls
2023-12-04 08:23:02,657 [INFO]: Extraindo os dados do arquivo selecionado...
2023-12-04 08:23:02,828 [INFO]: Dados extraídos com sucesso.
2023-12-04 08:23:02,828 [INFO]: Iniciando transformação dos dados...
2023-12-04 08:23:03,235 [INFO]: Transformação dos dados concluída.
2023-12-04 08:23:03,235 [INFO]: Iniciado Bordero DRE
2023-12-04 08:23:13,250 [INFO]: Selecionando o arquivo Excel: borderotop.xls
2023-12-04 08:23:13,250 [INFO]: Extraindo os dados do arquivo selecionado...
2023-12-04 08:23:13,250 [INFO]: Dados extraídos com sucesso.
2023-12-04 08:23:13,250 [INFO]: Iniciando transformação dos dados...
2023-12-04 08:23:13,266 [INFO]: Transformação dos dados concluída.
2023-12-04 08:23:31,781 [INFO]: Arquivo renomeado para "base03122023.xlsx" com sucesso.
2023-12-04 08:23:32,796 [ERROR]: Erro ao mover o arquivo. Código de status: 400
2023-12-04 08:23:34,703 [INFO]: Arquivo "base.xlsx" foi carregado com sucesso.
2023-12-04 08:25:52,659 [INFO]: O comando Java foi executado com sucesso.
2023-12-04 08:26:01,739 [INFO]: Selecionando o arquivo Excel: clientes.txt
2023-12-04 08:33:58,381 [INFO]: O comando Java foi executado com sucesso.
2023-12-04 08:34:08,388 [INFO]: Selecionando o arquivo Excel: clientes.txt
2023-12-04 08:34:08,388 [INFO]: Extraindo os dados do arquivo selecionado...
2023-12-04 08:34:08,419 [INFO]: Dados extraídos com sucesso.
2023-12-04 08:34:18,426 [INFO]: Selecionando o arquivo Excel: pedidos.txt
2023-12-04 08:34:18,426 [INFO]: Extraindo os dados do arquivo selecionado...
2023-12-04 08:34:18,473 [INFO]: Dados extraídos com sucesso.
2023-12-04 08:34:28,475 [INFO]: Selecionando o arquivo Excel: ltv.txt
2023-12-04 08:34:28,475 [INFO]: Extraindo os dados do arquivo selecionado...
2023-12-04 08:34:28,558 [INFO]: Dados extraídos com sucesso.
2023-12-04 09:31:25,804 [INFO]: O comando Java foi executado com sucesso.
2023-12-04 09:31:52,948 [ERROR]: O comando Java falhou com o seguinte erro: Command 'java -jar "sikulixide-2.0.5-win.jar" -r "emissaotop.sikuli"' returned non-zero exit status 1.
2023-12-04 09:32:12,635 [INFO]: O botão não foi encontrado ou não está visível
2023-12-04 09:48:40,341 [INFO]: O comando Java foi executado com sucesso.
2023-12-04 10:00:16,638 [INFO]: O comando Java foi executado com sucesso.
2023-12-04 10:00:35,432 [INFO]: O botão não foi encontrado ou não está visível
2023-12-04 10:04:31,847 [ERROR]: O comando Java falhou com o seguinte erro: Command 'java -jar "sikulixide-2.0.5-win.jar" -r "comercial.sikuli"' returned non-zero exit status 1.
2023-12-04 10:04:41,851 [INFO]: Selecionando o arquivo Excel: clientes.txt
2023-12-04 10:09:01,472 [INFO]: O comando Java foi executado com sucesso.
2023-12-04 10:09:11,484 [INFO]: Selecionando o arquivo Excel: clientes.txt
2023-12-04 10:09:11,484 [INFO]: Extraindo os dados do arquivo selecionado...
2023-12-04 10:09:11,532 [INFO]: Dados extraídos com sucesso.
2023-12-04 10:09:21,536 [INFO]: Selecionando o arquivo Excel: pedidos.txt
2023-12-04 10:09:21,536 [INFO]: Extraindo os dados do arquivo selecionado...
2023-12-04 10:09:21,583 [INFO]: Dados extraídos com sucesso.
2023-12-04 10:09:31,611 [INFO]: Selecionando o arquivo Excel: ltv.txt
2023-12-04 10:09:31,611 [INFO]: Extraindo os dados do arquivo selecionado...
2023-12-04 10:09:31,690 [INFO]: Dados extraídos com sucesso.
2023-12-04 10:22:28,269 [INFO]: O comando Java foi executado com sucesso.
2023-12-04 10:34:04,962 [INFO]: O comando Java foi executado com sucesso.
2023-12-04 10:34:24,408 [INFO]: O botão não foi encontrado ou não está visível
2023-12-04 10:49:06,171 [INFO]: O comando Java foi executado com sucesso.
2023-12-04 11:00:19,063 [ERROR]: O comando Java falhou com o seguinte erro: Command 'java -jar "sikulixide-2.0.5-win.jar" -r "emissaotop.sikuli"' returned non-zero exit status 1.
2023-12-04 11:00:38,297 [INFO]: O botão não foi encontrado ou não está visível
2023-12-04 11:15:35,780 [ERROR]: O comando Java falhou com o seguinte erro: Command 'java -jar "sikulixide-2.0.5-win.jar" -r "emissaomacro.sikuli"' returned non-zero exit status 1.
2023-12-04 11:15:55,045 [ERROR]: O comando Java falhou com o seguinte erro: Command 'java -jar "sikulixide-2.0.5-win.jar" -r "emissaotop.sikuli"' returned non-zero exit status 1.
2023-12-04 11:16:23,207 [INFO]: O botão não foi encontrado ou não está visível
2023-12-04 11:16:31,770 [INFO]: Iniciado Emissão DRE
2023-12-04 11:28:57,056 [INFO]: O comando Java foi executado com sucesso.
2023-12-04 11:40:34,837 [INFO]: O comando Java foi executado com sucesso.
2023-12-04 11:40:53,521 [INFO]: O botão não foi encontrado ou não está visível
2023-12-04 11:41:00,267 [INFO]: Iniciado Emissão DRE
2023-12-04 11:41:10,282 [INFO]: Selecionando o arquivo Excel: emissaomacro.xls
2023-12-04 11:41:10,282 [INFO]: Extraindo os dados do arquivo selecionado...
2023-12-04 11:41:11,454 [INFO]: Dados extraídos com sucesso.
2023-12-04 11:41:11,454 [INFO]: Iniciando transformação dos dados...
2023-12-04 11:41:13,485 [INFO]: Transformação dos dados concluída.
2023-12-04 11:41:13,485 [INFO]: Iniciado Emissão DRE
2023-12-04 11:41:23,501 [INFO]: Selecionando o arquivo Excel: emissatop.xls
2023-12-04 11:41:23,501 [INFO]: Extraindo os dados do arquivo selecionado...
2023-12-04 11:41:23,766 [INFO]: Dados extraídos com sucesso.
2023-12-04 11:41:23,766 [INFO]: Iniciando transformação dos dados...
2023-12-04 11:41:24,407 [INFO]: Transformação dos dados concluída.
2023-12-04 11:41:44,032 [ERROR]: Erro ao renomear o arquivo. Código de status: 400
2023-12-04 11:41:44,641 [ERROR]: Arquivo não encontrado na pasta de origem.
2023-12-04 11:41:47,391 [INFO]: Arquivo "baseemissao.xlsx" foi carregado com sucesso.
2023-12-04 11:57:51,521 [INFO]: O comando Java foi executado com sucesso.
2023-12-04 12:09:24,382 [INFO]: O comando Java foi executado com sucesso.
2023-12-04 12:09:43,322 [INFO]: O botão não foi encontrado ou não está visível
2023-12-04 12:09:49,864 [INFO]: Iniciado Emissão DRE
2023-12-04 12:09:59,864 [INFO]: Selecionando o arquivo Excel: emissaomacro.xls
2023-12-04 12:09:59,864 [INFO]: Extraindo os dados do arquivo selecionado...
2023-12-04 12:10:01,036 [INFO]: Dados extraídos com sucesso.
2023-12-04 12:10:01,036 [INFO]: Iniciando transformação dos dados...
2023-12-04 12:10:03,051 [INFO]: Transformação dos dados concluída.
2023-12-04 12:10:03,051 [INFO]: Iniciado Emissão DRE
2023-12-04 12:10:13,067 [INFO]: Selecionando o arquivo Excel: emissatop.xls
2023-12-04 12:10:13,067 [INFO]: Extraindo os dados do arquivo selecionado...
2023-12-04 12:10:13,395 [INFO]: Dados extraídos com sucesso.
2023-12-04 12:10:13,395 [INFO]: Iniciando transformação dos dados...
2023-12-04 12:10:14,113 [INFO]: Transformação dos dados concluída.
2023-12-04 12:10:33,458 [INFO]: Arquivo renomeado para "baseemissao03122023.xlsx" com sucesso.
2023-12-04 12:10:34,660 [ERROR]: Erro ao mover o arquivo. Código de status: 400
2023-12-04 12:10:36,552 [INFO]: Arquivo "baseemissao.xlsx" foi carregado com sucesso.
2023-12-04 15:18:41,977 [ERROR]: O comando Java falhou com o seguinte erro: Command 'java -jar "sikulixide-2.0.5-win.jar" -r "macro.sikuli"' returned non-zero exit status 1.
2023-12-04 15:18:50,706 [ERROR]: O comando Java falhou com o seguinte erro: Command 'java -jar "sikulixide-2.0.5-win.jar" -r "top.sikuli"' returned non-zero exit status 1.
2023-12-04 15:18:57,195 [ERROR]: Erro na autenticação: Message: no such window: target window already closed
from unknown error: web view not found
  (Session info: chrome=119.0.6045.200)
Stacktrace:
	GetHandleVerifier [0x008072A3+45731]
	(No symbol) [0x00792D51]
	(No symbol) [0x0068880D]
	(No symbol) [0x0066F75E]
	(No symbol) [0x006DC11B]
	(No symbol) [0x006EB2D3]
	(No symbol) [0x006D7DD6]
	(No symbol) [0x006B31F6]
	(No symbol) [0x006B439D]
	GetHandleVerifier [0x00B10716+3229462]
	GetHandleVerifier [0x00B584C8+3523784]
	GetHandleVerifier [0x00B5214C+3498316]
	GetHandleVerifier [0x00891680+611968]
	(No symbol) [0x0079CCCC]
	(No symbol) [0x00798DF8]
	(No symbol) [0x00798F1D]
	(No symbol) [0x0078B2C7]
	BaseThreadInitThunk [0x7780FA29+25]
	RtlGetAppContainerNamedObjectPath [0x77DB7B5E+286]
	RtlGetAppContainerNamedObjectPath [0x77DB7B2E+238]

2023-12-04 15:50:47,053 [ERROR]: O comando Java falhou com o seguinte erro: Command 'java -jar "sikulixide-2.0.5-win.jar" -r "macro.sikuli"' returned non-zero exit status 1.
2023-12-04 15:50:57,666 [ERROR]: O comando Java falhou com o seguinte erro: Command 'java -jar "sikulixide-2.0.5-win.jar" -r "top.sikuli"' returned non-zero exit status 1.
2023-12-04 15:51:22,909 [INFO]: O botão não foi encontrado ou não está visível
2023-12-04 15:51:32,338 [INFO]: Iniciado Receita DRE
2023-12-04 15:51:45,616 [INFO]: Selecionando o arquivo Excel: receitamacro.xls
2023-12-04 15:52:10,677 [ERROR]: O comando Java falhou com o seguinte erro: Command 'java -jar "sikulixide-2.0.5-win.jar" -r "comercial.sikuli"' returned non-zero exit status 1.
2023-12-04 15:52:20,122 [INFO]: Selecionando o arquivo Excel: clientes.txt
2023-12-04 17:13:43,279 [ERROR]: O comando Java falhou com o seguinte erro: Command 'java -jar "sikulixide-2.0.5-win.jar" -r "comercial.sikuli"' returned non-zero exit status 1.
2023-12-04 17:14:05,166 [ERROR]: O comando Java falhou com o seguinte erro: Command 'java -jar "sikulixide-2.0.5-win.jar" -r "comercial.sikuli"' returned non-zero exit status 1.
2023-12-04 17:16:22,417 [INFO]: O comando Java foi executado com sucesso.
2023-12-04 17:16:35,667 [INFO]: Selecionando o arquivo Excel: clientes.txt
2023-12-04 17:16:35,667 [INFO]: Extraindo os dados do arquivo selecionado...
2023-12-04 17:16:35,724 [INFO]: Dados extraídos com sucesso.
2023-12-04 17:16:47,915 [INFO]: Selecionando o arquivo Excel: pedidos.txt
2023-12-04 17:16:47,915 [INFO]: Extraindo os dados do arquivo selecionado...
2023-12-04 17:16:47,971 [INFO]: Dados extraídos com sucesso.
2023-12-04 17:16:58,955 [INFO]: Selecionando o arquivo Excel: ltv.txt
2023-12-04 17:16:58,955 [INFO]: Extraindo os dados do arquivo selecionado...
2023-12-04 17:16:59,039 [INFO]: Dados extraídos com sucesso.
2023-12-04 17:19:31,435 [INFO]: O comando Java foi executado com sucesso.
2023-12-05 04:17:01,275 [ERROR]: O comando Java falhou com o seguinte erro: Command 'java -jar "sikulixide-2.0.5-win.jar" -r "macro.sikuli"' returned non-zero exit status 1.
2023-12-05 04:17:09,896 [ERROR]: O comando Java falhou com o seguinte erro: Command 'java -jar "sikulixide-2.0.5-win.jar" -r "top.sikuli"' returned non-zero exit status 1.
2023-12-05 04:17:30,895 [INFO]: O botão não foi encontrado ou não está visível
2023-12-05 04:17:37,498 [INFO]: Iniciado Receita DRE
2023-12-05 04:17:47,507 [INFO]: Selecionando o arquivo Excel: receitamacro.xls
2023-12-05 04:17:56,580 [ERROR]: O comando Java falhou com o seguinte erro: Command 'java -jar "sikulixide-2.0.5-win.jar" -r "comercial.sikuli"' returned non-zero exit status 1.
2023-12-05 04:18:06,580 [INFO]: Selecionando o arquivo Excel: clientes.txt
2023-12-05 04:18:06,580 [INFO]: Extraindo os dados do arquivo selecionado...
2023-12-05 04:18:06,648 [INFO]: Dados extraídos com sucesso.
2023-12-05 04:18:16,658 [INFO]: Selecionando o arquivo Excel: pedidos.txt
2023-12-05 04:18:16,658 [INFO]: Extraindo os dados do arquivo selecionado...
2023-12-05 04:18:16,746 [INFO]: Dados extraídos com sucesso.
2023-12-05 04:18:26,756 [INFO]: Selecionando o arquivo Excel: ltv.txt
2023-12-05 04:18:26,756 [INFO]: Extraindo os dados do arquivo selecionado...
2023-12-05 04:18:26,892 [INFO]: Dados extraídos com sucesso.
2023-12-05 08:03:36,570 [INFO]: O comando Java foi executado com sucesso.
2023-12-05 08:23:22,060 [INFO]: O comando Java foi executado com sucesso.
2023-12-05 08:23:41,788 [INFO]: O botão não foi encontrado ou não está visível
2023-12-05 08:23:48,564 [INFO]: Iniciado Receita DRE
2023-12-05 08:23:58,579 [INFO]: Selecionando o arquivo Excel: receitamacro.xls
2023-12-05 08:23:58,579 [INFO]: Extraindo os dados do arquivo selecionado...
2023-12-05 08:23:58,688 [INFO]: Dados extraídos com sucesso.
2023-12-05 08:23:58,688 [INFO]: Iniciando transformação dos dados...
2023-12-05 08:23:59,033 [INFO]: Transformação dos dados concluída.
2023-12-05 08:23:59,033 [INFO]: Iniciado Despesa DRE
2023-12-05 08:24:09,048 [INFO]: Selecionando o arquivo Excel: despesamacro.xls
2023-12-05 08:24:09,048 [INFO]: Extraindo os dados do arquivo selecionado...
2023-12-05 08:24:10,517 [INFO]: Dados extraídos com sucesso.
2023-12-05 08:24:10,517 [INFO]: Iniciando transformação dos dados...
2023-12-05 08:24:12,064 [INFO]: Transformação dos dados concluída.
2023-12-05 08:24:12,064 [INFO]: Iniciado Bordero DRE
2023-12-05 08:24:22,064 [INFO]: Selecionando o arquivo Excel: borderomacro.xls
2023-12-05 08:24:22,064 [INFO]: Extraindo os dados do arquivo selecionado...
2023-12-05 08:24:22,095 [INFO]: Dados extraídos com sucesso.
2023-12-05 08:24:22,095 [INFO]: Iniciando transformação dos dados...
2023-12-05 08:24:22,095 [INFO]: Transformação dos dados concluída.
2023-12-05 08:24:23,111 [INFO]: Iniciado Receita DRE
2023-12-05 08:24:33,126 [INFO]: Selecionando o arquivo Excel: receitatop.xls
2023-12-05 08:24:33,126 [INFO]: Extraindo os dados do arquivo selecionado...
2023-12-05 08:24:33,189 [INFO]: Dados extraídos com sucesso.
2023-12-05 08:24:33,189 [INFO]: Iniciando transformação dos dados...
2023-12-05 08:24:33,501 [INFO]: Transformação dos dados concluída.
2023-12-05 08:24:33,501 [INFO]: Iniciado Despesa DRE
2023-12-05 08:24:43,517 [INFO]: Selecionando o arquivo Excel: despesatop.xls
2023-12-05 08:24:43,517 [INFO]: Extraindo os dados do arquivo selecionado...
2023-12-05 08:24:43,673 [INFO]: Dados extraídos com sucesso.
2023-12-05 08:24:43,673 [INFO]: Iniciando transformação dos dados...
2023-12-05 08:24:44,064 [INFO]: Transformação dos dados concluída.
2023-12-05 08:24:44,064 [INFO]: Iniciado Bordero DRE
2023-12-05 08:24:54,064 [INFO]: Selecionando o arquivo Excel: borderotop.xls
2023-12-05 08:24:54,064 [INFO]: Extraindo os dados do arquivo selecionado...
2023-12-05 08:24:54,064 [INFO]: Dados extraídos com sucesso.
2023-12-05 08:24:54,064 [INFO]: Iniciando transformação dos dados...
2023-12-05 08:24:54,079 [INFO]: Transformação dos dados concluída.
2023-12-05 08:25:12,114 [INFO]: Arquivo renomeado para "base04122023.xlsx" com sucesso.
2023-12-05 08:25:13,111 [ERROR]: Erro ao mover o arquivo. Código de status: 400
2023-12-05 08:25:15,298 [INFO]: Arquivo "base.xlsx" foi carregado com sucesso.
2023-12-05 08:37:18,736 [INFO]: O comando Java foi executado com sucesso.
2023-12-05 08:48:52,370 [INFO]: O comando Java foi executado com sucesso.
2023-12-05 08:49:10,949 [INFO]: O botão não foi encontrado ou não está visível
2023-12-05 08:49:17,461 [INFO]: Iniciado Emissão DRE
2023-12-05 08:49:27,477 [INFO]: Selecionando o arquivo Excel: emissaomacro.xls
2023-12-05 08:49:27,477 [INFO]: Extraindo os dados do arquivo selecionado...
2023-12-05 08:49:28,617 [INFO]: Dados extraídos com sucesso.
2023-12-05 08:49:28,617 [INFO]: Iniciando transformação dos dados...
2023-12-05 08:49:30,649 [INFO]: Transformação dos dados concluída.
2023-12-05 08:49:30,649 [INFO]: Iniciado Emissão DRE
2023-12-05 08:49:40,668 [INFO]: Selecionando o arquivo Excel: emissatop.xls
2023-12-05 08:49:40,668 [INFO]: Extraindo os dados do arquivo selecionado...
2023-12-05 08:49:40,930 [INFO]: Dados extraídos com sucesso.
2023-12-05 08:49:40,930 [INFO]: Iniciando transformação dos dados...
2023-12-05 08:49:41,570 [INFO]: Transformação dos dados concluída.
2023-12-05 08:50:01,946 [INFO]: Arquivo renomeado para "baseemissao04122023.xlsx" com sucesso.
2023-12-05 08:50:03,430 [ERROR]: Erro ao mover o arquivo. Código de status: 400
2023-12-05 08:50:05,290 [INFO]: Arquivo "baseemissao.xlsx" foi carregado com sucesso.
2023-12-05 08:53:06,635 [INFO]: O comando Java foi executado com sucesso.
2023-12-05 08:53:16,651 [INFO]: Selecionando o arquivo Excel: clientes.txt
2023-12-05 08:53:16,651 [INFO]: Extraindo os dados do arquivo selecionado...
2023-12-05 08:53:16,698 [INFO]: Dados extraídos com sucesso.
2023-12-05 08:53:26,698 [INFO]: Selecionando o arquivo Excel: pedidos.txt
2023-12-05 08:53:26,698 [INFO]: Extraindo os dados do arquivo selecionado...
2023-12-05 08:53:26,760 [INFO]: Dados extraídos com sucesso.
2023-12-05 08:53:36,776 [INFO]: Selecionando o arquivo Excel: ltv.txt
2023-12-05 08:53:36,776 [INFO]: Extraindo os dados do arquivo selecionado...
2023-12-05 08:53:36,854 [INFO]: Dados extraídos com sucesso.
2023-12-14 14:08:04,341 [INFO]: O comando Java foi executado com sucesso.
2023-12-14 14:08:14,359 [INFO]: Selecionando o arquivo Excel: clientes.txt
2023-12-14 14:08:14,359 [INFO]: Extraindo os dados do arquivo selecionado...
2023-12-14 14:08:14,390 [INFO]: Dados extraídos com sucesso.
2023-12-14 14:08:24,397 [INFO]: Selecionando o arquivo Excel: pedidos.txt
2023-12-14 14:08:24,397 [INFO]: Extraindo os dados do arquivo selecionado...
2023-12-14 14:08:24,444 [INFO]: Dados extraídos com sucesso.
2023-12-14 14:08:34,444 [INFO]: Selecionando o arquivo Excel: ltv.txt
2023-12-14 14:08:34,444 [INFO]: Extraindo os dados do arquivo selecionado...
2023-12-14 14:08:34,525 [INFO]: Dados extraídos com sucesso.
2023-12-14 14:11:34,270 [ERROR]: O comando Java falhou com o seguinte erro: Command 'java -jar "sikulixide-2.0.5-win.jar" -r ".\RPA\pbi.sikuli"' returned non-zero exit status 1.
2023-12-14 14:14:32,306 [INFO]: O comando Java foi executado com sucesso.
2023-12-14 14:14:42,310 [INFO]: Selecionando o arquivo Excel: clientes.txt
2023-12-14 14:14:42,310 [INFO]: Extraindo os dados do arquivo selecionado...
2023-12-14 14:14:42,357 [INFO]: Dados extraídos com sucesso.
2023-12-14 14:14:52,357 [INFO]: Selecionando o arquivo Excel: pedidos.txt
2023-12-14 14:14:52,357 [INFO]: Extraindo os dados do arquivo selecionado...
2023-12-14 14:14:52,404 [INFO]: Dados extraídos com sucesso.
2023-12-14 14:15:02,407 [INFO]: Selecionando o arquivo Excel: ltv.txt
2023-12-14 14:15:02,407 [INFO]: Extraindo os dados do arquivo selecionado...
2023-12-14 14:15:02,482 [INFO]: Dados extraídos com sucesso.
2023-12-14 14:18:00,301 [ERROR]: O comando Java falhou com o seguinte erro: Command 'java -jar "sikulixide-2.0.5-win.jar" -r ".\RPA\pbi.sikuli"' returned non-zero exit status 1.
2023-12-14 14:22:31,720 [INFO]: O comando Java foi executado com sucesso.
2023-12-14 14:22:41,720 [INFO]: Selecionando o arquivo Excel: clientes.txt
2023-12-14 14:22:41,720 [INFO]: Extraindo os dados do arquivo selecionado...
2023-12-14 14:22:41,766 [INFO]: Dados extraídos com sucesso.
2023-12-14 14:22:51,782 [INFO]: Selecionando o arquivo Excel: pedidos.txt
2023-12-14 14:22:51,782 [INFO]: Extraindo os dados do arquivo selecionado...
2023-12-14 14:22:51,829 [INFO]: Dados extraídos com sucesso.
2023-12-14 14:23:01,829 [INFO]: Selecionando o arquivo Excel: ltv.txt
2023-12-14 14:23:01,829 [INFO]: Extraindo os dados do arquivo selecionado...
2023-12-14 14:23:01,907 [INFO]: Dados extraídos com sucesso.
2023-12-14 14:25:44,765 [INFO]: O comando Java foi executado com sucesso.
2023-12-14 14:28:03,868 [INFO]: O comando Java foi executado com sucesso.
2023-12-14 14:28:13,872 [INFO]: Selecionando o arquivo Excel: clientes.txt
2023-12-14 14:28:13,872 [INFO]: Extraindo os dados do arquivo selecionado...
2023-12-14 14:28:13,935 [INFO]: Dados extraídos com sucesso.
2023-12-14 14:28:23,935 [INFO]: Selecionando o arquivo Excel: pedidos.txt
2023-12-14 14:28:23,935 [INFO]: Extraindo os dados do arquivo selecionado...
2023-12-14 14:28:23,981 [INFO]: Dados extraídos com sucesso.
2023-12-14 14:28:33,998 [INFO]: Selecionando o arquivo Excel: ltv.txt
2023-12-14 14:28:33,998 [INFO]: Extraindo os dados do arquivo selecionado...
2023-12-14 14:28:34,075 [INFO]: Dados extraídos com sucesso.
2023-12-14 14:34:37,726 [INFO]: O comando Java foi executado com sucesso.
2023-12-14 14:34:47,728 [INFO]: Selecionando o arquivo Excel: clientes.txt
2023-12-14 14:34:47,728 [INFO]: Extraindo os dados do arquivo selecionado...
2023-12-14 14:34:47,775 [INFO]: Dados extraídos com sucesso.
2023-12-14 14:34:57,784 [INFO]: Selecionando o arquivo Excel: pedidos.txt
2023-12-14 14:34:57,784 [INFO]: Extraindo os dados do arquivo selecionado...
2023-12-14 14:34:57,830 [INFO]: Dados extraídos com sucesso.
2023-12-14 14:35:07,838 [INFO]: Selecionando o arquivo Excel: ltv.txt
2023-12-14 14:35:07,838 [INFO]: Extraindo os dados do arquivo selecionado...
2023-12-14 14:35:07,918 [INFO]: Dados extraídos com sucesso.
2023-12-14 14:37:15,458 [INFO]: O comando Java foi executado com sucesso.
2023-12-14 14:37:37,269 [ERROR]: O comando Java falhou com o seguinte erro: Command 'java -jar "sikulixide-2.0.5-win.jar" -r ".\RPA\comercial.sikuli"' returned non-zero exit status 1.
2023-12-14 14:37:47,285 [INFO]: Selecionando o arquivo Excel: clientes.txt
2023-12-14 14:38:58,679 [ERROR]: O comando Java falhou com o seguinte erro: Command 'java -jar "sikulixide-2.0.5-win.jar" -r ".\RPA\comercial.sikuli"' returned non-zero exit status 1.
2023-12-14 14:41:14,711 [INFO]: O comando Java foi executado com sucesso.
2023-12-14 14:41:25,390 [INFO]: Selecionando o arquivo Excel: clientes.txt
2023-12-14 14:41:25,390 [INFO]: Extraindo os dados do arquivo selecionado...
2023-12-14 14:41:25,458 [INFO]: Dados extraídos com sucesso.
2023-12-14 14:41:37,207 [INFO]: Selecionando o arquivo Excel: pedidos.txt
2023-12-14 14:41:37,207 [INFO]: Extraindo os dados do arquivo selecionado...
2023-12-14 14:41:37,265 [INFO]: Dados extraídos com sucesso.
2023-12-14 14:41:48,672 [INFO]: Selecionando o arquivo Excel: ltv.txt
2023-12-14 14:41:48,672 [INFO]: Extraindo os dados do arquivo selecionado...
2023-12-14 14:41:48,758 [INFO]: Dados extraídos com sucesso.
2023-12-14 14:43:56,618 [INFO]: O comando Java foi executado com sucesso.
2023-12-14 14:46:10,372 [INFO]: O comando Java foi executado com sucesso.
2023-12-14 14:46:20,377 [INFO]: Selecionando o arquivo Excel: clientes.txt
2023-12-14 14:46:20,377 [INFO]: Extraindo os dados do arquivo selecionado...
2023-12-14 14:46:20,408 [INFO]: Dados extraídos com sucesso.
2023-12-14 14:46:30,408 [INFO]: Selecionando o arquivo Excel: pedidos.txt
2023-12-14 14:46:30,408 [INFO]: Extraindo os dados do arquivo selecionado...
2023-12-14 14:46:30,454 [INFO]: Dados extraídos com sucesso.
2023-12-14 14:46:40,454 [INFO]: Selecionando o arquivo Excel: ltv.txt
2023-12-14 14:46:40,454 [INFO]: Extraindo os dados do arquivo selecionado...
2023-12-14 14:46:40,533 [INFO]: Dados extraídos com sucesso.
2023-12-14 14:48:46,626 [INFO]: O comando Java foi executado com sucesso.
2023-12-14 14:51:00,905 [INFO]: O comando Java foi executado com sucesso.
2023-12-14 14:51:10,907 [INFO]: Selecionando o arquivo Excel: clientes.txt
2023-12-14 14:51:10,907 [INFO]: Extraindo os dados do arquivo selecionado...
2023-12-14 14:51:10,939 [INFO]: Dados extraídos com sucesso.
2023-12-14 14:51:20,955 [INFO]: Selecionando o arquivo Excel: pedidos.txt
2023-12-14 14:51:20,955 [INFO]: Extraindo os dados do arquivo selecionado...
2023-12-14 14:51:21,001 [INFO]: Dados extraídos com sucesso.
2023-12-14 14:51:31,001 [INFO]: Selecionando o arquivo Excel: ltv.txt
2023-12-14 14:51:31,001 [INFO]: Extraindo os dados do arquivo selecionado...
2023-12-14 14:51:31,079 [INFO]: Dados extraídos com sucesso.
2023-12-14 14:54:15,959 [ERROR]: O comando Java falhou com o seguinte erro: Command 'java -jar "sikulixide-2.0.5-win.jar" -r ".\RPA\pbi.sikuli"' returned non-zero exit status 1.
2023-12-14 14:56:31,061 [INFO]: O comando Java foi executado com sucesso.
2023-12-14 14:56:41,069 [INFO]: Selecionando o arquivo Excel: clientes.txt
2023-12-14 14:56:41,069 [INFO]: Extraindo os dados do arquivo selecionado...
2023-12-14 14:56:41,100 [INFO]: Dados extraídos com sucesso.
2023-12-14 14:56:51,116 [INFO]: Selecionando o arquivo Excel: pedidos.txt
2023-12-14 14:56:51,116 [INFO]: Extraindo os dados do arquivo selecionado...
2023-12-14 14:56:51,163 [INFO]: Dados extraídos com sucesso.
2023-12-14 14:57:01,178 [INFO]: Selecionando o arquivo Excel: ltv.txt
2023-12-14 14:57:01,178 [INFO]: Extraindo os dados do arquivo selecionado...
2023-12-14 14:57:01,256 [INFO]: Dados extraídos com sucesso.
2023-12-14 14:59:56,849 [ERROR]: O comando Java falhou com o seguinte erro: Command 'java -jar "sikulixide-2.0.5-win.jar" -r ".\RPA\pbi.sikuli"' returned non-zero exit status 1.
2023-12-14 15:00:23,710 [ERROR]: O comando Java falhou com o seguinte erro: Command 'java -jar "sikulixide-2.0.5-win.jar" -r ".\RPA\comercial.sikuli"' returned non-zero exit status 1.
2023-12-14 15:00:33,714 [INFO]: Selecionando o arquivo Excel: clientes.txt
2023-12-14 15:36:34,900 [INFO]: O comando Java foi executado com sucesso.
2023-12-14 15:36:44,049 [INFO]: Selecionando o arquivo Excel: clientes.txt
2023-12-14 15:36:44,049 [INFO]: Extraindo os dados do arquivo selecionado...
2023-12-14 15:36:44,106 [INFO]: Dados extraídos com sucesso.
2023-12-14 15:36:54,026 [INFO]: Selecionando o arquivo Excel: pedidos.txt
2023-12-14 15:36:54,026 [INFO]: Extraindo os dados do arquivo selecionado...
2023-12-14 15:36:54,073 [INFO]: Dados extraídos com sucesso.
2023-12-14 15:37:04,989 [INFO]: Selecionando o arquivo Excel: ltv.txt
2023-12-14 15:37:04,989 [INFO]: Extraindo os dados do arquivo selecionado...
2023-12-14 15:37:05,075 [INFO]: Dados extraídos com sucesso.
2023-12-14 15:45:45,599 [INFO]: O comando Java foi executado com sucesso.
2023-12-14 15:45:55,613 [INFO]: Selecionando o arquivo Excel: clientes.txt
2023-12-14 15:45:55,613 [INFO]: Extraindo os dados do arquivo selecionado...
2023-12-14 15:45:55,643 [INFO]: Dados extraídos com sucesso.
2023-12-14 15:46:05,659 [INFO]: Selecionando o arquivo Excel: pedidos.txt
2023-12-14 15:46:05,659 [INFO]: Extraindo os dados do arquivo selecionado...
2023-12-14 15:46:05,705 [INFO]: Dados extraídos com sucesso.
2023-12-14 15:46:15,706 [INFO]: Selecionando o arquivo Excel: ltv.txt
2023-12-14 15:46:15,706 [INFO]: Extraindo os dados do arquivo selecionado...
2023-12-14 15:46:15,784 [INFO]: Dados extraídos com sucesso.
2023-12-14 15:49:14,286 [INFO]: O comando Java foi executado com sucesso.
2023-12-14 15:51:27,945 [INFO]: O comando Java foi executado com sucesso.
2023-12-14 15:51:37,948 [INFO]: Selecionando o arquivo Excel: clientes.txt
2023-12-14 15:51:37,948 [INFO]: Extraindo os dados do arquivo selecionado...
2023-12-14 15:51:37,978 [INFO]: Dados extraídos com sucesso.
2023-12-14 15:51:47,979 [INFO]: Selecionando o arquivo Excel: pedidos.txt
2023-12-14 15:51:47,979 [INFO]: Extraindo os dados do arquivo selecionado...
2023-12-14 15:51:48,025 [INFO]: Dados extraídos com sucesso.
2023-12-14 15:51:58,025 [INFO]: Selecionando o arquivo Excel: ltv.txt
2023-12-14 15:51:58,025 [INFO]: Extraindo os dados do arquivo selecionado...
2023-12-14 15:51:58,103 [INFO]: Dados extraídos com sucesso.
2023-12-14 15:54:57,244 [INFO]: O comando Java foi executado com sucesso.
2023-12-14 15:57:11,691 [INFO]: O comando Java foi executado com sucesso.
2023-12-14 15:57:21,696 [INFO]: Selecionando o arquivo Excel: clientes.txt
2023-12-14 15:57:21,696 [INFO]: Extraindo os dados do arquivo selecionado...
2023-12-14 15:57:21,727 [INFO]: Dados extraídos com sucesso.
2023-12-14 15:57:31,743 [INFO]: Selecionando o arquivo Excel: pedidos.txt
2023-12-14 15:57:31,743 [INFO]: Extraindo os dados do arquivo selecionado...
2023-12-14 15:57:31,790 [INFO]: Dados extraídos com sucesso.
2023-12-14 15:57:41,790 [INFO]: Selecionando o arquivo Excel: ltv.txt
2023-12-14 15:57:41,790 [INFO]: Extraindo os dados do arquivo selecionado...
2023-12-14 15:57:41,868 [INFO]: Dados extraídos com sucesso.
2023-12-14 16:00:40,599 [INFO]: O comando Java foi executado com sucesso.
2023-12-14 16:02:54,798 [INFO]: O comando Java foi executado com sucesso.
2023-12-14 16:03:04,806 [INFO]: Selecionando o arquivo Excel: clientes.txt
2023-12-14 16:03:04,806 [INFO]: Extraindo os dados do arquivo selecionado...
2023-12-14 16:03:04,852 [INFO]: Dados extraídos com sucesso.
2023-12-14 16:03:14,852 [INFO]: Selecionando o arquivo Excel: pedidos.txt
2023-12-14 16:03:14,852 [INFO]: Extraindo os dados do arquivo selecionado...
2023-12-14 16:03:14,899 [INFO]: Dados extraídos com sucesso.
2023-12-14 16:03:24,899 [INFO]: Selecionando o arquivo Excel: ltv.txt
2023-12-14 16:03:24,899 [INFO]: Extraindo os dados do arquivo selecionado...
2023-12-14 16:03:24,977 [INFO]: Dados extraídos com sucesso.
2023-12-14 16:06:23,751 [INFO]: O comando Java foi executado com sucesso.
2023-12-14 16:08:37,569 [INFO]: O comando Java foi executado com sucesso.
2023-12-14 16:08:47,572 [INFO]: Selecionando o arquivo Excel: clientes.txt
2023-12-14 16:08:47,572 [INFO]: Extraindo os dados do arquivo selecionado...
2023-12-14 16:08:47,603 [INFO]: Dados extraídos com sucesso.
2023-12-14 16:08:57,604 [INFO]: Selecionando o arquivo Excel: pedidos.txt
2023-12-14 16:08:57,604 [INFO]: Extraindo os dados do arquivo selecionado...
2023-12-14 16:08:57,650 [INFO]: Dados extraídos com sucesso.
2023-12-14 16:09:07,653 [INFO]: Selecionando o arquivo Excel: ltv.txt
2023-12-14 16:09:07,653 [INFO]: Extraindo os dados do arquivo selecionado...
2023-12-14 16:09:07,728 [INFO]: Dados extraídos com sucesso.
2023-12-14 16:12:06,385 [INFO]: O comando Java foi executado com sucesso.
2023-12-14 16:14:19,922 [INFO]: O comando Java foi executado com sucesso.
2023-12-14 16:14:29,931 [INFO]: Selecionando o arquivo Excel: clientes.txt
2023-12-14 16:14:29,931 [INFO]: Extraindo os dados do arquivo selecionado...
2023-12-14 16:14:29,962 [INFO]: Dados extraídos com sucesso.
2023-12-14 16:14:39,978 [INFO]: Selecionando o arquivo Excel: pedidos.txt
2023-12-14 16:14:39,978 [INFO]: Extraindo os dados do arquivo selecionado...
2023-12-14 16:14:40,024 [INFO]: Dados extraídos com sucesso.
2023-12-14 16:14:50,025 [INFO]: Selecionando o arquivo Excel: ltv.txt
2023-12-14 16:14:50,025 [INFO]: Extraindo os dados do arquivo selecionado...
2023-12-14 16:14:50,102 [INFO]: Dados extraídos com sucesso.
2023-12-14 16:17:49,519 [INFO]: O comando Java foi executado com sucesso.
2023-12-14 16:20:03,457 [INFO]: O comando Java foi executado com sucesso.
2023-12-14 16:20:13,466 [INFO]: Selecionando o arquivo Excel: clientes.txt
2023-12-14 16:20:13,466 [INFO]: Extraindo os dados do arquivo selecionado...
2023-12-14 16:20:13,512 [INFO]: Dados extraídos com sucesso.
2023-12-14 16:20:23,513 [INFO]: Selecionando o arquivo Excel: pedidos.txt
2023-12-14 16:20:23,513 [INFO]: Extraindo os dados do arquivo selecionado...
2023-12-14 16:20:23,559 [INFO]: Dados extraídos com sucesso.
2023-12-14 16:20:33,575 [INFO]: Selecionando o arquivo Excel: ltv.txt
2023-12-14 16:20:33,575 [INFO]: Extraindo os dados do arquivo selecionado...
2023-12-14 16:20:33,653 [INFO]: Dados extraídos com sucesso.
2023-12-14 16:23:32,261 [INFO]: O comando Java foi executado com sucesso.
2023-12-14 16:29:58,740 [INFO]: O comando Java foi executado com sucesso.
2023-12-14 16:30:09,054 [INFO]: Selecionando o arquivo Excel: clientes.txt
2023-12-14 16:30:09,054 [INFO]: Extraindo os dados do arquivo selecionado...
2023-12-14 16:30:09,114 [INFO]: Dados extraídos com sucesso.
2023-12-14 16:30:18,380 [INFO]: Selecionando o arquivo Excel: pedidos.txt
2023-12-14 16:30:18,380 [INFO]: Extraindo os dados do arquivo selecionado...
2023-12-14 16:30:18,421 [INFO]: Dados extraídos com sucesso.
2023-12-14 16:30:26,768 [INFO]: Selecionando o arquivo Excel: ltv.txt
2023-12-14 16:30:26,768 [INFO]: Extraindo os dados do arquivo selecionado...
2023-12-14 16:30:26,829 [INFO]: Dados extraídos com sucesso.
2023-12-14 16:33:18,778 [INFO]: O comando Java foi executado com sucesso.
2023-12-14 16:33:36,122 [ERROR]: O comando Java falhou com o seguinte erro: Command 'java -jar "sikulixide-2.0.5-win.jar" -r ".\RPA\comercial.sikuli"' returned non-zero exit status 1.
2023-12-14 16:36:41,324 [ERROR]: O comando Java falhou com o seguinte erro: Command 'java -jar "sikulixide-2.0.5-win.jar" -r ".\RPA\macro.sikuli"' returned non-zero exit status 1.
2023-12-14 16:58:47,486 [INFO]: O comando Java foi executado com sucesso.
2023-12-14 17:18:25,443 [INFO]: O comando Java foi executado com sucesso.
2023-12-14 17:18:44,364 [INFO]: O botão não foi encontrado ou não está visível
2023-12-14 17:18:51,030 [INFO]: Iniciado Receita DRE
2023-12-14 17:19:01,030 [INFO]: Selecionando o arquivo Excel: receitamacro.xls
2023-12-14 17:19:01,030 [INFO]: Extraindo os dados do arquivo selecionado...
2023-12-14 17:19:01,139 [INFO]: Dados extraídos com sucesso.
2023-12-14 17:19:01,139 [INFO]: Iniciando transformação dos dados...
2023-12-14 17:19:01,467 [INFO]: Transformação dos dados concluída.
2023-12-14 17:19:01,467 [INFO]: Iniciado Despesa DRE
2023-12-14 17:19:11,483 [INFO]: Selecionando o arquivo Excel: despesamacro.xls
2023-12-14 17:19:11,483 [INFO]: Extraindo os dados do arquivo selecionado...
2023-12-14 17:19:13,030 [INFO]: Dados extraídos com sucesso.
2023-12-14 17:19:13,030 [INFO]: Iniciando transformação dos dados...
2023-12-14 17:19:14,624 [INFO]: Transformação dos dados concluída.
2023-12-14 17:19:14,624 [INFO]: Iniciado Bordero DRE
2023-12-14 17:19:24,624 [INFO]: Selecionando o arquivo Excel: borderomacro.xls
2023-12-14 17:19:24,624 [INFO]: Extraindo os dados do arquivo selecionado...
2023-12-14 17:19:24,656 [INFO]: Dados extraídos com sucesso.
2023-12-14 17:19:24,656 [INFO]: Iniciando transformação dos dados...
2023-12-14 17:19:24,656 [INFO]: Transformação dos dados concluída.
2023-12-14 17:19:25,671 [INFO]: Iniciado Receita DRE
2023-12-14 17:19:35,671 [INFO]: Selecionando o arquivo Excel: receitatop.xls
2023-12-14 17:19:35,671 [INFO]: Extraindo os dados do arquivo selecionado...
2023-12-14 17:19:35,748 [INFO]: Dados extraídos com sucesso.
2023-12-14 17:19:35,748 [INFO]: Iniciando transformação dos dados...
2023-12-14 17:19:36,061 [INFO]: Transformação dos dados concluída.
2023-12-14 17:19:36,061 [INFO]: Iniciado Despesa DRE
2023-12-14 17:19:46,061 [INFO]: Selecionando o arquivo Excel: despesatop.xls
2023-12-14 17:19:46,061 [INFO]: Extraindo os dados do arquivo selecionado...
2023-12-14 17:19:46,233 [INFO]: Dados extraídos com sucesso.
2023-12-14 17:19:46,233 [INFO]: Iniciando transformação dos dados...
2023-12-14 17:19:46,624 [INFO]: Transformação dos dados concluída.
2023-12-14 17:19:46,624 [INFO]: Iniciado Bordero DRE
2023-12-14 17:19:56,624 [INFO]: Selecionando o arquivo Excel: borderotop.xls
2023-12-14 17:19:56,624 [INFO]: Extraindo os dados do arquivo selecionado...
2023-12-14 17:19:56,624 [INFO]: Dados extraídos com sucesso.
2023-12-14 17:19:56,624 [INFO]: Iniciando transformação dos dados...
2023-12-14 17:19:56,639 [INFO]: Transformação dos dados concluída.
2023-12-14 17:20:15,280 [ERROR]: Erro ao renomear o arquivo. Código de status: 409
2023-12-14 17:20:16,577 [ERROR]: Erro ao mover o arquivo. Código de status: 400
2023-12-14 17:20:21,202 [INFO]: Arquivo "base.xlsx" foi carregado com sucesso.
2023-12-14 17:32:24,964 [INFO]: O comando Java foi executado com sucesso.
2023-12-14 17:43:58,565 [INFO]: O comando Java foi executado com sucesso.
2023-12-14 17:44:17,317 [INFO]: O botão não foi encontrado ou não está visível
2023-12-14 17:44:23,748 [INFO]: Iniciado Emissão DRE
2023-12-14 17:44:33,748 [INFO]: Selecionando o arquivo Excel: emissaomacro.xls
2023-12-14 17:44:33,748 [INFO]: Extraindo os dados do arquivo selecionado...
2023-12-14 17:44:34,888 [INFO]: Dados extraídos com sucesso.
2023-12-14 17:44:34,888 [INFO]: Iniciando transformação dos dados...
2023-12-14 17:44:36,795 [INFO]: Transformação dos dados concluída.
2023-12-14 17:44:36,810 [INFO]: Iniciado Emissão DRE
2023-12-14 17:44:46,811 [INFO]: Selecionando o arquivo Excel: emissatop.xls
2023-12-14 17:44:46,811 [INFO]: Extraindo os dados do arquivo selecionado...
2023-12-14 17:44:47,076 [INFO]: Dados extraídos com sucesso.
2023-12-14 17:44:47,076 [INFO]: Iniciando transformação dos dados...
2023-12-14 17:44:47,717 [INFO]: Transformação dos dados concluída.
2023-12-14 17:45:07,233 [ERROR]: Erro ao renomear o arquivo. Código de status: 409
2023-12-14 17:45:08,905 [ERROR]: Erro ao mover o arquivo. Código de status: 400
2023-12-14 17:45:14,514 [INFO]: Arquivo "baseemissao.xlsx" foi carregado com sucesso.
2023-12-14 17:47:29,078 [INFO]: O comando Java foi executado com sucesso.
2023-12-14 17:47:39,091 [INFO]: Selecionando o arquivo Excel: clientes.txt
2023-12-14 17:47:39,091 [INFO]: Extraindo os dados do arquivo selecionado...
2023-12-14 17:47:39,122 [INFO]: Dados extraídos com sucesso.
2023-12-14 17:47:49,123 [INFO]: Selecionando o arquivo Excel: pedidos.txt
2023-12-14 17:47:49,123 [INFO]: Extraindo os dados do arquivo selecionado...
2023-12-14 17:47:49,170 [INFO]: Dados extraídos com sucesso.
2023-12-14 17:47:59,170 [INFO]: Selecionando o arquivo Excel: ltv.txt
2023-12-14 17:47:59,170 [INFO]: Extraindo os dados do arquivo selecionado...
2023-12-14 17:47:59,247 [INFO]: Dados extraídos com sucesso.
2023-12-14 17:50:58,253 [INFO]: O comando Java foi executado com sucesso.
2023-12-15 04:15:33,247 [ERROR]: O comando Java falhou com o seguinte erro: Command 'java -jar "sikulixide-2.0.5-win.jar" -r ".\RPA\macro.sikuli"' returned non-zero exit status 1.
2023-12-15 04:15:41,652 [ERROR]: O comando Java falhou com o seguinte erro: Command 'java -jar "sikulixide-2.0.5-win.jar" -r ".\RPA\top.sikuli"' returned non-zero exit status 1.
2023-12-15 04:16:08,919 [INFO]: O botão não foi encontrado ou não está visível
2023-12-15 04:16:15,461 [INFO]: Iniciado Receita DRE
2023-12-15 04:16:25,476 [INFO]: Selecionando o arquivo Excel: receitamacro.xls
2023-12-15 04:16:34,910 [ERROR]: O comando Java falhou com o seguinte erro: Command 'java -jar "sikulixide-2.0.5-win.jar" -r ".\RPA\comercial.sikuli"' returned non-zero exit status 1.
2023-12-15 04:16:44,913 [INFO]: Selecionando o arquivo Excel: clientes.txt
2023-12-15 08:06:10,048 [INFO]: O comando Java foi executado com sucesso.
2023-12-15 08:10:54,719 [ERROR]: O comando Java falhou com o seguinte erro: Command 'java -jar "sikulixide-2.0.5-win.jar" -r ".\RPA\top.sikuli"' returned non-zero exit status 1.
2023-12-15 08:11:14,479 [INFO]: O botão não foi encontrado ou não está visível
2023-12-15 08:11:21,047 [INFO]: Iniciado Receita DRE
2023-12-15 08:11:31,057 [INFO]: Selecionando o arquivo Excel: receitamacro.xls
2023-12-15 08:11:31,057 [INFO]: Extraindo os dados do arquivo selecionado...
2023-12-15 08:11:31,165 [INFO]: Dados extraídos com sucesso.
2023-12-15 08:11:31,165 [INFO]: Iniciando transformação dos dados...
2023-12-15 08:11:31,494 [INFO]: Transformação dos dados concluída.
2023-12-15 08:11:31,494 [INFO]: Iniciado Despesa DRE
2023-12-15 08:11:41,499 [INFO]: Selecionando o arquivo Excel: despesamacro.xls
2023-12-15 08:11:41,499 [INFO]: Extraindo os dados do arquivo selecionado...
2023-12-15 08:11:43,094 [INFO]: Dados extraídos com sucesso.
2023-12-15 08:11:43,094 [INFO]: Iniciando transformação dos dados...
2023-12-15 08:11:44,714 [INFO]: Transformação dos dados concluída.
2023-12-15 08:11:44,724 [INFO]: Iniciado Bordero DRE
2023-12-15 08:11:54,727 [INFO]: Selecionando o arquivo Excel: borderomacro.xls
2023-12-15 08:11:54,727 [INFO]: Extraindo os dados do arquivo selecionado...
2023-12-15 08:11:54,757 [INFO]: Dados extraídos com sucesso.
2023-12-15 08:11:54,757 [INFO]: Iniciando transformação dos dados...
2023-12-15 08:11:54,766 [INFO]: Transformação dos dados concluída.
2023-12-15 08:11:55,776 [INFO]: Iniciado Receita DRE
2023-12-15 08:12:05,795 [INFO]: Selecionando o arquivo Excel: receitatop.xls
2023-12-15 08:34:04,168 [INFO]: O comando Java foi executado com sucesso.
2023-12-15 08:49:55,397 [ERROR]: O comando Java falhou com o seguinte erro: Command 'java -jar "sikulixide-2.0.5-win.jar" -r ".\RPA\top.sikuli"' returned non-zero exit status 1.
2023-12-15 08:50:07,808 [ERROR]: Erro na autenticação: Message: no such window: target window already closed
from unknown error: web view not found
  (Session info: chrome=120.0.6099.72)
Stacktrace:
	GetHandleVerifier [0x00D06E73+174291]
	(No symbol) [0x00C30AC1]
	(No symbol) [0x00946FF6]
	(No symbol) [0x0092EFE7]
	(No symbol) [0x0099B53B]
	(No symbol) [0x009A9E7B]
	(No symbol) [0x00996DA6]
	(No symbol) [0x00971034]
	(No symbol) [0x00971F8D]
	GetHandleVerifier [0x00DA49CC+820268]
	sqlite3_dbdata_init [0x00E64EBE+652494]
	sqlite3_dbdata_init [0x00E648D9+650985]
	sqlite3_dbdata_init [0x00E5962C+605244]
	sqlite3_dbdata_init [0x00E6586B+654971]
	(No symbol) [0x00C3FEBC]
	(No symbol) [0x00C38428]
	(No symbol) [0x00C3854D]
	(No symbol) [0x00C25858]
	BaseThreadInitThunk [0x76C2FA29+25]
	RtlGetAppContainerNamedObjectPath [0x777D7B5E+286]
	RtlGetAppContainerNamedObjectPath [0x777D7B2E+238]

2023-12-15 09:12:00,223 [INFO]: O comando Java foi executado com sucesso.
2023-12-15 09:31:38,190 [INFO]: O comando Java foi executado com sucesso.
2023-12-15 09:31:56,989 [INFO]: O botão não foi encontrado ou não está visível
2023-12-15 09:32:03,561 [INFO]: Iniciado Receita DRE
2023-12-15 09:32:13,577 [INFO]: Selecionando o arquivo Excel: receitamacro.xls
2023-12-15 09:32:13,577 [INFO]: Extraindo os dados do arquivo selecionado...
2023-12-15 09:32:13,686 [INFO]: Dados extraídos com sucesso.
2023-12-15 09:32:13,686 [INFO]: Iniciando transformação dos dados...
2023-12-15 09:32:14,014 [INFO]: Transformação dos dados concluída.
2023-12-15 09:32:14,014 [INFO]: Iniciado Despesa DRE
2023-12-15 09:32:24,014 [INFO]: Selecionando o arquivo Excel: despesamacro.xls
2023-12-15 09:32:24,014 [INFO]: Extraindo os dados do arquivo selecionado...
2023-12-15 09:32:25,545 [INFO]: Dados extraídos com sucesso.
2023-12-15 09:32:25,545 [INFO]: Iniciando transformação dos dados...
2023-12-15 09:32:27,124 [INFO]: Transformação dos dados concluída.
2023-12-15 09:32:27,124 [INFO]: Iniciado Bordero DRE
2023-12-15 09:32:37,139 [INFO]: Selecionando o arquivo Excel: borderomacro.xls
2023-12-15 09:32:37,139 [INFO]: Extraindo os dados do arquivo selecionado...
2023-12-15 09:32:37,170 [INFO]: Dados extraídos com sucesso.
2023-12-15 09:32:37,170 [INFO]: Iniciando transformação dos dados...
2023-12-15 09:32:37,170 [INFO]: Transformação dos dados concluída.
2023-12-15 09:32:38,171 [INFO]: Iniciado Receita DRE
2023-12-15 09:32:48,173 [INFO]: Selecionando o arquivo Excel: receitatop.xls
2023-12-15 09:32:48,173 [INFO]: Extraindo os dados do arquivo selecionado...
2023-12-15 09:32:48,248 [INFO]: Dados extraídos com sucesso.
2023-12-15 09:32:48,248 [INFO]: Iniciando transformação dos dados...
2023-12-15 09:32:48,545 [INFO]: Transformação dos dados concluída.
2023-12-15 09:32:48,545 [INFO]: Iniciado Despesa DRE
2023-12-15 09:32:58,546 [INFO]: Selecionando o arquivo Excel: despesatop.xls
2023-12-15 09:32:58,546 [INFO]: Extraindo os dados do arquivo selecionado...
2023-12-15 09:32:58,717 [INFO]: Dados extraídos com sucesso.
2023-12-15 09:32:58,717 [INFO]: Iniciando transformação dos dados...
2023-12-15 09:32:59,123 [INFO]: Transformação dos dados concluída.
2023-12-15 09:32:59,123 [INFO]: Iniciado Bordero DRE
2023-12-15 09:33:09,123 [INFO]: Selecionando o arquivo Excel: borderotop.xls
2023-12-15 09:33:09,123 [INFO]: Extraindo os dados do arquivo selecionado...
2023-12-15 09:33:09,123 [INFO]: Dados extraídos com sucesso.
2023-12-15 09:33:09,123 [INFO]: Iniciando transformação dos dados...
2023-12-15 09:33:09,139 [INFO]: Transformação dos dados concluída.
2023-12-15 09:33:27,749 [INFO]: Arquivo renomeado para "base14122023.xlsx" com sucesso.
2023-12-15 09:33:28,842 [ERROR]: Erro ao mover o arquivo. Código de status: 400
2023-12-15 09:33:33,217 [INFO]: Arquivo "base.xlsx" foi carregado com sucesso.
2023-12-15 09:45:36,939 [INFO]: O comando Java foi executado com sucesso.
2023-12-15 09:57:14,343 [INFO]: O comando Java foi executado com sucesso.
2023-12-15 09:57:33,363 [INFO]: O botão não foi encontrado ou não está visível
2023-12-15 09:57:40,014 [INFO]: Iniciado Emissão DRE
2023-12-15 09:57:50,030 [INFO]: Selecionando o arquivo Excel: emissaomacro.xls
2023-12-15 09:57:50,030 [INFO]: Extraindo os dados do arquivo selecionado...
2023-12-15 09:57:51,173 [INFO]: Dados extraídos com sucesso.
2023-12-15 09:57:51,173 [INFO]: Iniciando transformação dos dados...
2023-12-15 09:57:53,092 [INFO]: Transformação dos dados concluída.
2023-12-15 09:57:53,092 [INFO]: Iniciado Emissão DRE
2023-12-15 09:58:03,092 [INFO]: Selecionando o arquivo Excel: emissatop.xls
2023-12-15 09:58:03,092 [INFO]: Extraindo os dados do arquivo selecionado...
2023-12-15 09:58:03,359 [INFO]: Dados extraídos com sucesso.
2023-12-15 09:58:03,359 [INFO]: Iniciando transformação dos dados...
2023-12-15 09:58:03,998 [INFO]: Transformação dos dados concluída.
2023-12-15 09:58:23,561 [INFO]: Arquivo renomeado para "baseemissao14122023.xlsx" com sucesso.
2023-12-15 09:58:24,717 [ERROR]: Erro ao mover o arquivo. Código de status: 400
2023-12-15 09:58:29,014 [INFO]: Arquivo "baseemissao.xlsx" foi carregado com sucesso.
2023-12-15 10:00:45,230 [INFO]: O comando Java foi executado com sucesso.
2023-12-15 10:00:55,246 [INFO]: Selecionando o arquivo Excel: clientes.txt
2023-12-15 10:00:55,246 [INFO]: Extraindo os dados do arquivo selecionado...
2023-12-15 10:00:55,292 [INFO]: Dados extraídos com sucesso.
2023-12-15 10:01:05,308 [INFO]: Selecionando o arquivo Excel: pedidos.txt
2023-12-15 10:01:05,308 [INFO]: Extraindo os dados do arquivo selecionado...
2023-12-15 10:01:05,355 [INFO]: Dados extraídos com sucesso.
2023-12-15 10:01:15,355 [INFO]: Selecionando o arquivo Excel: ltv.txt
2023-12-15 10:01:15,355 [INFO]: Extraindo os dados do arquivo selecionado...
2023-12-15 10:01:15,434 [INFO]: Dados extraídos com sucesso.
2023-12-15 10:04:15,948 [INFO]: O comando Java foi executado com sucesso.
